d:\mywork\cos\win\libsecurec\x64\debug\libsecurec.pdb
d:\mywork\cos\win\libsecurec\x64\debug\libsecurec.idb
d:\mywork\cos\win\libsecurec\x64\debug\strtok_s.obj
d:\mywork\cos\win\libsecurec\x64\debug\swprintf_s.obj
d:\mywork\cos\win\libsecurec\x64\debug\swscanf_s.obj
d:\mywork\cos\win\libsecurec\x64\debug\vfscanf_s.obj
d:\mywork\cos\win\libsecurec\x64\debug\vfwscanf_s.obj
d:\mywork\cos\win\libsecurec\x64\debug\vscanf_s.obj
d:\mywork\cos\win\libsecurec\x64\debug\vsnprintf_s.obj
d:\mywork\cos\win\libsecurec\x64\debug\vsprintf_s.obj
d:\mywork\cos\win\libsecurec\x64\debug\vsscanf_s.obj
d:\mywork\cos\win\libsecurec\x64\debug\vswprintf_s.obj
d:\mywork\cos\win\libsecurec\x64\debug\vswscanf_s.obj
d:\mywork\cos\win\libsecurec\x64\debug\vwscanf_s.obj
d:\mywork\cos\win\libsecurec\x64\debug\wcscat_s.obj
d:\mywork\cos\win\libsecurec\x64\debug\wcscpy_s.obj
d:\mywork\cos\win\libsecurec\x64\debug\wcsncat_s.obj
d:\mywork\cos\win\libsecurec\x64\debug\wcsncpy_s.obj
d:\mywork\cos\win\libsecurec\x64\debug\wcstok_s.obj
d:\mywork\cos\win\libsecurec\x64\debug\wmemcpy_s.obj
d:\mywork\cos\win\libsecurec\x64\debug\wmemmove_s.obj
d:\mywork\cos\win\libsecurec\x64\debug\wscanf_s.obj
d:\mywork\cos\win\libsecurec\x64\debug\fscanf_s.obj
d:\mywork\cos\win\libsecurec\x64\debug\fwscanf_s.obj
d:\mywork\cos\win\libsecurec\x64\debug\gets_s.obj
d:\mywork\cos\win\libsecurec\x64\debug\memcpy_s.obj
d:\mywork\cos\win\libsecurec\x64\debug\memmove_s.obj
d:\mywork\cos\win\libsecurec\x64\debug\memset_s.obj
d:\mywork\cos\win\libsecurec\x64\debug\scanf_s.obj
d:\mywork\cos\win\libsecurec\x64\debug\securecutil.obj
d:\mywork\cos\win\libsecurec\x64\debug\secureinput_a.obj
d:\mywork\cos\win\libsecurec\x64\debug\secureinput_w.obj
d:\mywork\cos\win\libsecurec\x64\debug\secureprintoutput_a.obj
d:\mywork\cos\win\libsecurec\x64\debug\secureprintoutput_w.obj
d:\mywork\cos\win\libsecurec\x64\debug\snprintf_s.obj
d:\mywork\cos\win\libsecurec\x64\debug\sprintf_s.obj
d:\mywork\cos\win\libsecurec\x64\debug\sscanf_s.obj
d:\mywork\cos\win\libsecurec\x64\debug\strcat_s.obj
d:\mywork\cos\win\libsecurec\x64\debug\strcpy_s.obj
d:\mywork\cos\win\libsecurec\x64\debug\strncat_s.obj
d:\mywork\cos\win\libsecurec\x64\debug\strncpy_s.obj
d:\mywork\cos\lib\libsecurec.lib
d:\mywork\cos\win\..\lib\libsecurec.pdb
d:\mywork\cos\win\..\lib\libsecurec.lib
d:\mywork\cos\win\libsecurec\x64\debug\libsecurec.tlog\cl.command.1.tlog
d:\mywork\cos\win\libsecurec\x64\debug\libsecurec.tlog\cl.read.1.tlog
d:\mywork\cos\win\libsecurec\x64\debug\libsecurec.tlog\cl.write.1.tlog
d:\mywork\cos\win\libsecurec\x64\debug\libsecurec.tlog\lib-link.read.1.tlog
d:\mywork\cos\win\libsecurec\x64\debug\libsecurec.tlog\lib-link.write.1.tlog
d:\mywork\cos\win\libsecurec\x64\debug\libsecurec.tlog\lib.command.1.tlog
