  knl_fsp.cpp
d:\mywork\cos\src\storage\knl_fsp.h(150): error C2065: “space_id_t”: 未声明的标识符
d:\mywork\cos\src\storage\knl_fsp.h(150): error C2146: 语法错误: 缺少“)”(在标识符“space_id”的前面)
d:\mywork\cos\src\storage\knl_fsp.cpp(283): warning C4267: “参数”: 从“size_t”转换到“uint32”，可能丢失数据
d:\mywork\cos\src\storage\knl_fsp.cpp(286): error C4996: 'strcpy': This function or variable may be unsafe. Consider using strcpy_s instead. To disable deprecation, use _CRT_SECURE_NO_WARNINGS. See online help for details.
  c:\program files (x86)\windows kits\10\include\10.0.10240.0\ucrt\string.h(119): note: 参见“strcpy”的声明
d:\mywork\cos\src\storage\knl_fsp.cpp(335): error C2660: “fil_node_close”: 函数不接受 1 个参数
d:\mywork\cos\src\storage\knl_fsp.cpp(472): error C2371: “fil_addr_t”: 重定义；不同的基类型
  d:\mywork\cos\src\storage\knl_fsp.h(47): note: 参见“fil_addr_t”的声明
d:\mywork\cos\src\storage\knl_fsp.cpp(492): error C3861: “fsp_get_space_header”: 找不到标识符
d:\mywork\cos\src\storage\knl_fsp.cpp(495): error C3861: “xdes_get_descriptor_with_space_hdr”: 找不到标识符
d:\mywork\cos\src\storage\knl_fsp.cpp(497): error C3861: “xdes_get_state”: 找不到标识符
d:\mywork\cos\src\storage\knl_fsp.cpp(501): error C2065: “FLST_BASE_NODE_SIZE”: 未声明的标识符
d:\mywork\cos\src\storage\knl_fsp.cpp(501): error C3861: “flst_get_first”: 找不到标识符
d:\mywork\cos\src\storage\knl_fsp.cpp(503): error C3861: “fil_addr_is_null”: 找不到标识符
d:\mywork\cos\src\storage\knl_fsp.cpp(508): error C3861: “fsp_alloc_free_extent”: 找不到标识符
d:\mywork\cos\src\storage\knl_fsp.cpp(513): error C3861: “xdes_set_state”: 找不到标识符
d:\mywork\cos\src\storage\knl_fsp.cpp(514): error C2065: “FLST_BASE_NODE_SIZE”: 未声明的标识符
d:\mywork\cos\src\storage\knl_fsp.cpp(514): error C3861: “flst_add_last”: 找不到标识符
d:\mywork\cos\src\storage\knl_fsp.cpp(516): error C3861: “xdes_lst_get_descriptor”: 找不到标识符
d:\mywork\cos\src\storage\knl_fsp.cpp(524): error C3861: “xdes_find_bit”: 找不到标识符
d:\mywork\cos\src\storage\knl_fsp.cpp(525): error C2065: “uint32_UNDEFINED”: 未声明的标识符
d:\mywork\cos\src\storage\knl_fsp.cpp(526): error C3861: “xdes_set_bit”: 找不到标识符
d:\mywork\cos\src\storage\knl_fsp.cpp(529): error C3861: “mtr_read_uint32”: 找不到标识符
d:\mywork\cos\src\storage\knl_fsp.cpp(531): error C3861: “mlog_write_uint32”: 找不到标识符
d:\mywork\cos\src\storage\knl_fsp.cpp(532): error C3861: “xdes_is_full”: 找不到标识符
d:\mywork\cos\src\storage\knl_fsp.cpp(534): error C2065: “FLST_BASE_NODE_SIZE”: 未声明的标识符
d:\mywork\cos\src\storage\knl_fsp.cpp(534): error C3861: “flst_remove”: 找不到标识符
d:\mywork\cos\src\storage\knl_fsp.cpp(535): error C3861: “xdes_set_state”: 找不到标识符
d:\mywork\cos\src\storage\knl_fsp.cpp(536): error C2065: “FLST_BASE_NODE_SIZE”: 未声明的标识符
d:\mywork\cos\src\storage\knl_fsp.cpp(536): error C3861: “flst_add_last”: 找不到标识符
d:\mywork\cos\src\storage\knl_fsp.cpp(537): error C3861: “mlog_write_uint32”: 找不到标识符
d:\mywork\cos\src\storage\knl_fsp.cpp(540): error C3861: “xdes_get_offset”: 找不到标识符
d:\mywork\cos\src\storage\knl_fsp.cpp(544): error C2660: “buf_page_create”: 函数不接受 3 个参数
d:\mywork\cos\src\storage\knl_fsp.cpp(545): error C2660: “buf_page_get_gen”: 函数不接受 8 个参数
d:\mywork\cos\src\storage\knl_fsp.cpp(546): error C2065: “SYNC_FSP_PAGE”: 未声明的标识符
d:\mywork\cos\src\storage\knl_fsp.cpp(546): error C3861: “buf_page_dbg_add_level”: 找不到标识符
d:\mywork\cos\src\storage\knl_fsp.cpp(549): error C3861: “fsp_init_file_page”: 找不到标识符
d:\mywork\cos\src\storage\knl_fsp.cpp(570): error C3861: “fsp_get_space_header”: 找不到标识符
d:\mywork\cos\src\storage\knl_fsp.cpp(571): error C3861: “xdes_get_descriptor_with_space_hdr”: 找不到标识符
d:\mywork\cos\src\storage\knl_fsp.cpp(572): error C3861: “xdes_get_state”: 找不到标识符
d:\mywork\cos\src\storage\knl_fsp.cpp(575): error C3861: “xdes_get_bit”: 找不到标识符
d:\mywork\cos\src\storage\knl_fsp.cpp(577): error C3861: “xdes_set_bit”: 找不到标识符
d:\mywork\cos\src\storage\knl_fsp.cpp(578): error C3861: “xdes_set_bit”: 找不到标识符
d:\mywork\cos\src\storage\knl_fsp.cpp(580): error C3861: “mtr_read_uint32”: 找不到标识符
d:\mywork\cos\src\storage\knl_fsp.cpp(583): error C2065: “FLST_BASE_NODE_SIZE”: 未声明的标识符
d:\mywork\cos\src\storage\knl_fsp.cpp(583): error C3861: “flst_remove”: 找不到标识符
d:\mywork\cos\src\storage\knl_fsp.cpp(584): error C3861: “xdes_set_state”: 找不到标识符
d:\mywork\cos\src\storage\knl_fsp.cpp(585): error C2065: “FLST_BASE_NODE_SIZE”: 未声明的标识符
d:\mywork\cos\src\storage\knl_fsp.cpp(585): error C3861: “flst_add_last”: 找不到标识符
d:\mywork\cos\src\storage\knl_fsp.cpp(586): error C3861: “mlog_write_uint32”: 找不到标识符
d:\mywork\cos\src\storage\knl_fsp.cpp(589): error C3861: “mlog_write_uint32”: 找不到标识符
d:\mywork\cos\src\storage\knl_fsp.cpp(592): error C3861: “xdes_is_free”: 找不到标识符
d:\mywork\cos\src\storage\knl_fsp.cpp(594): error C2065: “FLST_BASE_NODE_SIZE”: 未声明的标识符
d:\mywork\cos\src\storage\knl_fsp.cpp(594): error C3861: “flst_remove”: 找不到标识符
d:\mywork\cos\src\storage\knl_fsp.cpp(595): error C3861: “fsp_free_extent”: 找不到标识符
d:\mywork\cos\src\storage\knl_fsp.cpp(613): error C3861: “fsp_get_space_header”: 找不到标识符
d:\mywork\cos\src\storage\knl_fsp.cpp(614): error C3861: “xdes_get_descriptor_with_space_hdr”: 找不到标识符
d:\mywork\cos\src\storage\knl_fsp.cpp(616): error C3861: “xdes_get_state”: 找不到标识符
d:\mywork\cos\src\storage\knl_fsp.cpp(620): error C3861: “flst_get_first”: 找不到标识符
d:\mywork\cos\src\storage\knl_fsp.cpp(621): error C3861: “fil_addr_is_null”: 找不到标识符
d:\mywork\cos\src\storage\knl_fsp.cpp(622): error C3861: “fsp_fill_free_list”: 找不到标识符
d:\mywork\cos\src\storage\knl_fsp.cpp(623): error C3861: “flst_get_first”: 找不到标识符
d:\mywork\cos\src\storage\knl_fsp.cpp(625): error C3861: “fil_addr_is_null”: 找不到标识符
d:\mywork\cos\src\storage\knl_fsp.cpp(628): error C3861: “xdes_lst_get_descriptor”: 找不到标识符
d:\mywork\cos\src\storage\knl_fsp.cpp(630): error C3861: “flst_remove”: 找不到标识符
d:\mywork\cos\src\storage\knl_fsp.cpp(648): error C3861: “fsp_get_space_header”: 找不到标识符
d:\mywork\cos\src\storage\knl_fsp.cpp(649): error C3861: “xdes_get_descriptor_with_space_hdr”: 找不到标识符
d:\mywork\cos\src\storage\knl_fsp.cpp(650): error C3861: “xdes_get_state”: 找不到标识符
d:\mywork\cos\src\storage\knl_fsp.cpp(651): error C3861: “xdes_init”: 找不到标识符
d:\mywork\cos\src\storage\knl_fsp.cpp(652): error C3861: “flst_add_last”: 找不到标识符
d:\mywork\cos\src\storage\knl_fsp.cpp(660): error C2653: “dict_sys_t”: 不是类或命名空间名称
d:\mywork\cos\src\storage\knl_fsp.cpp(660): error C2065: “s_space_id”: 未声明的标识符
d:\mywork\cos\src\storage\knl_fsp.cpp(674): error C2653: “dict_sys_t”: 不是类或命名空间名称
d:\mywork\cos\src\storage\knl_fsp.cpp(674): error C2065: “s_min_undo_space_id”: 未声明的标识符
d:\mywork\cos\src\storage\knl_fsp.cpp(675): error C2653: “dict_sys_t”: 不是类或命名空间名称
d:\mywork\cos\src\storage\knl_fsp.cpp(675): error C2065: “s_max_undo_space_id”: 未声明的标识符
d:\mywork\cos\src\storage\knl_fsp.cpp(681): error C2065: “trx_sys_undo_spaces”: 未声明的标识符
d:\mywork\cos\src\storage\knl_fsp.cpp(682): error C2065: “trx_sys_undo_spaces”: 未声明的标识符
d:\mywork\cos\src\storage\knl_fsp.cpp(682): error C2227: “->contains”的左边必须指向类/结构/联合/泛型类型
  d:\mywork\cos\src\storage\knl_fsp.cpp(682): note: 类型是“unknown-type”
d:\mywork\cos\src\storage\knl_fsp.cpp(693): error C2065: “srv_tmp_space”: 未声明的标识符
d:\mywork\cos\src\storage\knl_fsp.cpp(693): error C2228: “.space_id”的左边必须有类/结构/联合
  d:\mywork\cos\src\storage\knl_fsp.cpp(693): note: 类型是“unknown-type”
d:\mywork\cos\src\storage\knl_fsp.cpp(701): error C2653: “dict_sys_t”: 不是类或命名空间名称
d:\mywork\cos\src\storage\knl_fsp.cpp(701): error C2065: “s_min_temp_space_id”: 未声明的标识符
d:\mywork\cos\src\storage\knl_fsp.cpp(702): error C2653: “dict_sys_t”: 不是类或命名空间名称
d:\mywork\cos\src\storage\knl_fsp.cpp(702): error C2065: “s_max_temp_space_id”: 未声明的标识符
  knl_flst.cpp
d:\mywork\cos\src\storage\knl_flst.h(92): error C4430: 缺少类型说明符 - 假定为 int。注意: C++ 不支持默认 int
d:\mywork\cos\src\storage\knl_flst.h(92): error C2146: 语法错误: 缺少“;”(在标识符“flst_get_first”的前面)
d:\mywork\cos\src\storage\knl_flst.h(97): error C4430: 缺少类型说明符 - 假定为 int。注意: C++ 不支持默认 int
d:\mywork\cos\src\storage\knl_flst.h(97): error C2086: “int fil_addr_t”: 重定义
  d:\mywork\cos\src\storage\knl_flst.h(92): note: 参见“fil_addr_t”的声明
d:\mywork\cos\src\storage\knl_flst.h(97): error C2146: 语法错误: 缺少“;”(在标识符“flst_get_last”的前面)
d:\mywork\cos\src\storage\knl_flst.h(102): error C4430: 缺少类型说明符 - 假定为 int。注意: C++ 不支持默认 int
d:\mywork\cos\src\storage\knl_flst.h(102): error C2086: “int fil_addr_t”: 重定义
  d:\mywork\cos\src\storage\knl_flst.h(92): note: 参见“fil_addr_t”的声明
d:\mywork\cos\src\storage\knl_flst.h(102): error C2146: 语法错误: 缺少“;”(在标识符“flst_get_next_addr”的前面)
d:\mywork\cos\src\storage\knl_flst.h(107): error C4430: 缺少类型说明符 - 假定为 int。注意: C++ 不支持默认 int
d:\mywork\cos\src\storage\knl_flst.h(107): error C2086: “int fil_addr_t”: 重定义
  d:\mywork\cos\src\storage\knl_flst.h(92): note: 参见“fil_addr_t”的声明
d:\mywork\cos\src\storage\knl_flst.h(107): error C2146: 语法错误: 缺少“;”(在标识符“flst_get_prev_addr”的前面)
d:\mywork\cos\src\storage\knl_flst.h(113): error C2065: “fil_faddr_t”: 未声明的标识符
d:\mywork\cos\src\storage\knl_flst.h(113): error C2065: “faddr”: 未声明的标识符
d:\mywork\cos\src\storage\knl_flst.h(114): error C2146: 语法错误: 缺少“)”(在标识符“addr”的前面)
d:\mywork\cos\src\storage\knl_flst.h(118): error C4430: 缺少类型说明符 - 假定为 int。注意: C++ 不支持默认 int
d:\mywork\cos\src\storage\knl_flst.h(118): error C2086: “int fil_addr_t”: 重定义
  d:\mywork\cos\src\storage\knl_flst.h(92): note: 参见“fil_addr_t”的声明
d:\mywork\cos\src\storage\knl_flst.h(118): error C2146: 语法错误: 缺少“;”(在标识符“flst_read_addr”的前面)
d:\mywork\cos\src\storage\knl_fsp.h(47): error C2378: “fil_addr_t”: 重定义；符号不能由 typedef 重载
  d:\mywork\cos\src\storage\knl_flst.h(92): note: 参见“fil_addr_t”的声明
d:\mywork\cos\src\storage\knl_fsp.h(54): error C4430: 缺少类型说明符 - 假定为 int。注意: C++ 不支持默认 int
d:\mywork\cos\src\storage\knl_fsp.h(54): error C2146: 语法错误: 缺少“;”(在标识符“fil_addr_null”的前面)
d:\mywork\cos\src\storage\knl_fsp.h(150): error C2065: “space_id_t”: 未声明的标识符
d:\mywork\cos\src\storage\knl_fsp.h(150): error C2146: 语法错误: 缺少“)”(在标识符“space_id”的前面)
d:\mywork\cos\src\storage\knl_buf.h(831): error C2061: 语法错误: 标识符“fil_addr_t”
d:\mywork\cos\src\storage\knl_flst.cpp(12): error C2146: 语法错误: 缺少“;”(在标识符“node_addr”的前面)
d:\mywork\cos\src\storage\knl_flst.cpp(12): error C2065: “node_addr”: 未声明的标识符
d:\mywork\cos\src\storage\knl_flst.cpp(22): error C2065: “node_addr”: 未声明的标识符
d:\mywork\cos\src\storage\knl_flst.cpp(25): error C2065: “node_addr”: 未声明的标识符
d:\mywork\cos\src\storage\knl_flst.cpp(25): error C3861: “flst_write_addr”: 找不到标识符
d:\mywork\cos\src\storage\knl_flst.cpp(26): error C2065: “node_addr”: 未声明的标识符
d:\mywork\cos\src\storage\knl_flst.cpp(26): error C3861: “flst_write_addr”: 找不到标识符
d:\mywork\cos\src\storage\knl_flst.cpp(29): error C3861: “flst_write_addr”: 找不到标识符
d:\mywork\cos\src\storage\knl_flst.cpp(30): error C3861: “flst_write_addr”: 找不到标识符
d:\mywork\cos\src\storage\knl_flst.cpp(33): error C3861: “mlog_write_uint32”: 找不到标识符
d:\mywork\cos\src\storage\knl_flst.cpp(43): error C2146: 语法错误: 缺少“;”(在标识符“node_addr”的前面)
d:\mywork\cos\src\storage\knl_flst.cpp(43): error C2065: “node_addr”: 未声明的标识符
d:\mywork\cos\src\storage\knl_flst.cpp(45): error C2146: 语法错误: 缺少“;”(在标识符“last_addr”的前面)
d:\mywork\cos\src\storage\knl_flst.cpp(45): error C2065: “last_addr”: 未声明的标识符
d:\mywork\cos\src\storage\knl_flst.cpp(53): error C2065: “last_addr”: 未声明的标识符
d:\mywork\cos\src\storage\knl_flst.cpp(53): error C3861: “flst_get_last”: 找不到标识符
d:\mywork\cos\src\storage\knl_flst.cpp(55): error C2065: “node_addr”: 未声明的标识符
d:\mywork\cos\src\storage\knl_flst.cpp(59): error C2065: “last_addr”: 未声明的标识符
d:\mywork\cos\src\storage\knl_flst.cpp(59): error C2228: “.page”的左边必须有类/结构/联合
  d:\mywork\cos\src\storage\knl_flst.cpp(59): note: 类型是“unknown-type”
d:\mywork\cos\src\storage\knl_flst.cpp(59): error C2065: “node_addr”: 未声明的标识符
d:\mywork\cos\src\storage\knl_flst.cpp(60): error C3861: “buf_frame_align”: 找不到标识符
d:\mywork\cos\src\storage\knl_flst.cpp(60): error C2065: “last_addr”: 未声明的标识符
d:\mywork\cos\src\storage\knl_flst.cpp(60): error C2228: “.boffset”的左边必须有类/结构/联合
  d:\mywork\cos\src\storage\knl_flst.cpp(60): note: 类型是“unknown-type”
d:\mywork\cos\src\storage\knl_flst.cpp(62): error C2065: “last_addr”: 未声明的标识符
d:\mywork\cos\src\storage\knl_flst.cpp(62): error C3861: “fut_get_ptr”: 找不到标识符
d:\mywork\cos\src\storage\knl_flst.cpp(79): error C2146: 语法错误: 缺少“;”(在标识符“node_addr”的前面)
d:\mywork\cos\src\storage\knl_flst.cpp(79): error C2065: “node_addr”: 未声明的标识符
d:\mywork\cos\src\storage\knl_flst.cpp(81): error C2146: 语法错误: 缺少“;”(在标识符“first_addr”的前面)
d:\mywork\cos\src\storage\knl_flst.cpp(81): error C2065: “first_addr”: 未声明的标识符
d:\mywork\cos\src\storage\knl_flst.cpp(86): error C3861: “buf_block_align”: 找不到标识符
d:\mywork\cos\src\storage\knl_flst.cpp(86): error C3861: “mtr_memo_contains”: 找不到标识符
d:\mywork\cos\src\storage\knl_flst.cpp(87): error C3861: “buf_block_align”: 找不到标识符
d:\mywork\cos\src\storage\knl_flst.cpp(87): error C3861: “mtr_memo_contains”: 找不到标识符
d:\mywork\cos\src\storage\knl_flst.cpp(89): error C2065: “first_addr”: 未声明的标识符
d:\mywork\cos\src\storage\knl_flst.cpp(89): error C3861: “flst_get_first”: 找不到标识符
d:\mywork\cos\src\storage\knl_flst.cpp(91): error C2065: “node_addr”: 未声明的标识符
d:\mywork\cos\src\storage\knl_flst.cpp(95): error C2065: “first_addr”: 未声明的标识符
d:\mywork\cos\src\storage\knl_flst.cpp(95): error C2228: “.page”的左边必须有类/结构/联合
  d:\mywork\cos\src\storage\knl_flst.cpp(95): note: 类型是“unknown-type”
d:\mywork\cos\src\storage\knl_flst.cpp(95): error C2065: “node_addr”: 未声明的标识符
d:\mywork\cos\src\storage\knl_flst.cpp(96): error C3861: “buf_frame_align”: 找不到标识符
d:\mywork\cos\src\storage\knl_flst.cpp(96): error C2065: “first_addr”: 未声明的标识符
d:\mywork\cos\src\storage\knl_flst.cpp(96): error C2228: “.boffset”的左边必须有类/结构/联合
  d:\mywork\cos\src\storage\knl_flst.cpp(96): note: 类型是“unknown-type”
d:\mywork\cos\src\storage\knl_flst.cpp(98): error C2065: “first_addr”: 未声明的标识符
d:\mywork\cos\src\storage\knl_flst.cpp(98): error C3861: “fut_get_ptr”: 找不到标识符
d:\mywork\cos\src\storage\knl_flst.cpp(116): error C2146: 语法错误: 缺少“;”(在标识符“node1_addr”的前面)
d:\mywork\cos\src\storage\knl_flst.cpp(116): error C2065: “node1_addr”: 未声明的标识符
d:\mywork\cos\src\storage\knl_flst.cpp(117): error C2146: 语法错误: 缺少“;”(在标识符“node2_addr”的前面)
d:\mywork\cos\src\storage\knl_flst.cpp(117): error C2065: “node2_addr”: 未声明的标识符
d:\mywork\cos\src\storage\knl_flst.cpp(119): error C2146: 语法错误: 缺少“;”(在标识符“node3_addr”的前面)
d:\mywork\cos\src\storage\knl_flst.cpp(119): error C2065: “node3_addr”: 未声明的标识符
d:\mywork\cos\src\storage\knl_flst.cpp(126): error C3861: “buf_block_align”: 找不到标识符
d:\mywork\cos\src\storage\knl_flst.cpp(126): error C3861: “mtr_memo_contains”: 找不到标识符
d:\mywork\cos\src\storage\knl_flst.cpp(127): error C3861: “buf_block_align”: 找不到标识符
d:\mywork\cos\src\storage\knl_flst.cpp(127): error C3861: “mtr_memo_contains”: 找不到标识符
d:\mywork\cos\src\storage\knl_flst.cpp(128): error C3861: “buf_block_align”: 找不到标识符
d:\mywork\cos\src\storage\knl_flst.cpp(128): error C3861: “mtr_memo_contains”: 找不到标识符
d:\mywork\cos\src\storage\knl_flst.cpp(130): error C2065: “node1_addr”: 未声明的标识符
d:\mywork\cos\src\storage\knl_flst.cpp(131): error C2065: “node2_addr”: 未声明的标识符
d:\mywork\cos\src\storage\knl_flst.cpp(133): error C2065: “node3_addr”: 未声明的标识符
d:\mywork\cos\src\storage\knl_flst.cpp(133): error C3861: “flst_get_next_addr”: 找不到标识符
d:\mywork\cos\src\storage\knl_flst.cpp(136): error C2065: “node1_addr”: 未声明的标识符
d:\mywork\cos\src\storage\knl_flst.cpp(136): error C3861: “flst_write_addr”: 找不到标识符
d:\mywork\cos\src\storage\knl_flst.cpp(137): error C2065: “node3_addr”: 未声明的标识符
d:\mywork\cos\src\storage\knl_flst.cpp(137): error C3861: “flst_write_addr”: 找不到标识符
d:\mywork\cos\src\storage\knl_flst.cpp(139): error C2065: “node3_addr”: 未声明的标识符
d:\mywork\cos\src\storage\knl_flst.cpp(139): error C3861: “fil_addr_is_null”: 找不到标识符
d:\mywork\cos\src\storage\knl_flst.cpp(141): error C2065: “node3_addr”: 未声明的标识符
d:\mywork\cos\src\storage\knl_flst.cpp(141): error C3861: “fut_get_ptr”: 找不到标识符
d:\mywork\cos\src\storage\knl_flst.cpp(142): error C2065: “node2_addr”: 未声明的标识符
d:\mywork\cos\src\storage\knl_flst.cpp(142): error C3861: “flst_write_addr”: 找不到标识符
d:\mywork\cos\src\storage\knl_flst.cpp(145): error C2065: “node2_addr”: 未声明的标识符
d:\mywork\cos\src\storage\knl_flst.cpp(145): error C3861: “flst_write_addr”: 找不到标识符
d:\mywork\cos\src\storage\knl_flst.cpp(149): error C2065: “node2_addr”: 未声明的标识符
d:\mywork\cos\src\storage\knl_flst.cpp(149): error C3861: “flst_write_addr”: 找不到标识符
d:\mywork\cos\src\storage\knl_flst.cpp(153): error C3861: “mlog_write_uint32”: 找不到标识符
d:\mywork\cos\src\storage\knl_flst.cpp(165): error C2146: 语法错误: 缺少“;”(在标识符“node1_addr”的前面)
d:\mywork\cos\src\storage\knl_flst.cpp(165): error C2065: “node1_addr”: 未声明的标识符
d:\mywork\cos\src\storage\knl_flst.cpp(166): error C2146: 语法错误: 缺少“;”(在标识符“node2_addr”的前面)
d:\mywork\cos\src\storage\knl_flst.cpp(166): error C2065: “node2_addr”: 未声明的标识符
d:\mywork\cos\src\storage\knl_flst.cpp(167): error C2146: 语法错误: 缺少“;”(在标识符“node3_addr”的前面)
d:\mywork\cos\src\storage\knl_flst.cpp(167): error C2065: “node3_addr”: 未声明的标识符
d:\mywork\cos\src\storage\knl_flst.cpp(174): error C3861: “buf_block_align”: 找不到标识符
d:\mywork\cos\src\storage\knl_flst.cpp(174): error C3861: “mtr_memo_contains”: 找不到标识符
d:\mywork\cos\src\storage\knl_flst.cpp(175): error C3861: “buf_block_align”: 找不到标识符
d:\mywork\cos\src\storage\knl_flst.cpp(175): fatal error C1003: 错误计数超过 100；正在停止编译
  knl_buf_lru.cpp
d:\mywork\cos\src\storage\knl_buf_lru.h(6): error C2143: 语法错误: 缺少“;”(在“*”的前面)
d:\mywork\cos\src\storage\knl_buf_lru.h(6): error C4430: 缺少类型说明符 - 假定为 int。注意: C++ 不支持默认 int
d:\mywork\cos\src\storage\knl_buf_lru.h(6): error C2065: “buf_pool_t”: 未声明的标识符
d:\mywork\cos\src\storage\knl_buf_lru.h(6): error C2065: “buf_pool”: 未声明的标识符
d:\mywork\cos\src\storage\knl_buf.h(475): error C2143: 语法错误: 缺少“;”(在“*”的前面)
d:\mywork\cos\src\storage\knl_buf.h(475): error C4430: 缺少类型说明符 - 假定为 int。注意: C++ 不支持默认 int
d:\mywork\cos\src\storage\knl_buf.h(475): error C2238: 意外的标记位于“;”之前
d:\mywork\cos\src\storage\knl_buf.h(725): error C2143: 语法错误: 缺少“;”(在“*”的前面)
d:\mywork\cos\src\storage\knl_buf.h(725): error C4430: 缺少类型说明符 - 假定为 int。注意: C++ 不支持默认 int
d:\mywork\cos\src\storage\knl_buf.h(725): error C2086: “int buf_block_t”: 重定义
  d:\mywork\cos\src\storage\knl_buf_lru.h(6): note: 参见“buf_block_t”的声明
d:\mywork\cos\src\storage\knl_buf.h(729): error C2065: “block”: 未声明的标识符
d:\mywork\cos\src\storage\knl_buf.h(729): error C2182: “buf_block_free”: 非法使用“void”类型
d:\mywork\cos\src\storage\knl_buf.h(736): error C2143: 语法错误: 缺少“;”(在“*”的前面)
d:\mywork\cos\src\storage\knl_buf.h(736): error C4430: 缺少类型说明符 - 假定为 int。注意: C++ 不支持默认 int
d:\mywork\cos\src\storage\knl_buf.h(736): error C2086: “int buf_block_t”: 重定义
  d:\mywork\cos\src\storage\knl_buf_lru.h(6): note: 参见“buf_block_t”的声明
d:\mywork\cos\src\storage\knl_buf.h(740): error C4430: 缺少类型说明符 - 假定为 int。注意: C++ 不支持默认 int
d:\mywork\cos\src\storage\knl_buf.h(753): error C2143: 语法错误: 缺少“;”(在“*”的前面)
d:\mywork\cos\src\storage\knl_buf.h(753): error C4430: 缺少类型说明符 - 假定为 int。注意: C++ 不支持默认 int
d:\mywork\cos\src\storage\knl_buf.h(753): error C2086: “int buf_block_t”: 重定义
  d:\mywork\cos\src\storage\knl_buf_lru.h(6): note: 参见“buf_block_t”的声明
d:\mywork\cos\src\storage\knl_buf.h(754): error C2061: 语法错误: 标识符“buf_block_t”
d:\mywork\cos\src\storage\knl_buf.h(755): error C4430: 缺少类型说明符 - 假定为 int。注意: C++ 不支持默认 int
d:\mywork\cos\src\storage\knl_buf.h(792): error C2061: 语法错误: 标识符“buf_block_t”
d:\mywork\cos\src\storage\knl_buf.h(799): error C4430: 缺少类型说明符 - 假定为 int。注意: C++ 不支持默认 int
d:\mywork\cos\src\storage\knl_buf.h(799): error C2143: 语法错误: 缺少“;”(在“*”的前面)
d:\mywork\cos\src\storage\knl_buf.h(799): error C2373: “buf_block_t”: 重定义；不同的类型修饰符
  d:\mywork\cos\src\storage\knl_buf_lru.h(6): note: 参见“buf_block_t”的声明
d:\mywork\cos\src\storage\knl_buf.h(804): error C4430: 缺少类型说明符 - 假定为 int。注意: C++ 不支持默认 int
d:\mywork\cos\src\storage\knl_buf.h(827): error C2065: “block”: 未声明的标识符
d:\mywork\cos\src\storage\knl_buf.h(828): error C2275: “uint32”: 将此类型用作表达式非法
  d:\mywork\cos\src\include\common\cm_type.h(144): note: 参见“uint32”的声明
d:\mywork\cos\src\storage\knl_buf.h(828): error C2146: 语法错误: 缺少“)”(在标识符“rw_latch”的前面)
d:\mywork\cos\src\storage\knl_buf.h(831): error C2061: 语法错误: 标识符“fil_addr_t”
d:\mywork\cos\src\storage\knl_buf.h(833): error C2065: “block”: 未声明的标识符
d:\mywork\cos\src\storage\knl_buf.h(833): error C2226: 语法错误: 意外的“buf_page_state”类型
d:\mywork\cos\src\storage\knl_buf_lru.cpp(10): error C2143: 语法错误: 缺少“;”(在“*”的前面)
d:\mywork\cos\src\storage\knl_buf_lru.cpp(10): error C4430: 缺少类型说明符 - 假定为 int。注意: C++ 不支持默认 int
d:\mywork\cos\src\storage\knl_buf_lru.cpp(10): error C2086: “int buf_block_t”: 重定义
  d:\mywork\cos\src\storage\knl_buf_lru.h(6): note: 参见“buf_block_t”的声明
d:\mywork\cos\src\storage\knl_buf_lru.cpp(11): error C4430: 缺少类型说明符 - 假定为 int。注意: C++ 不支持默认 int
d:\mywork\cos\src\storage\knl_buf_lru.cpp(11): error C2365: “buf_LRU_get_free_only”: 重定义；以前的定义是“数据变量”
  d:\mywork\cos\src\storage\knl_buf_lru.h(6): note: 参见“buf_LRU_get_free_only”的声明
d:\mywork\cos\src\storage\knl_buf_lru.cpp(11): error C2059: 语法错误:“{”
d:\mywork\cos\src\storage\knl_buf_lru.cpp(11): error C2143: 语法错误: 缺少“;”(在“{”的前面)
d:\mywork\cos\src\storage\knl_buf_lru.cpp(11): error C2447: “{”: 缺少函数标题(是否是老式的形式表?)
d:\mywork\cos\src\storage\knl_buf_lru.cpp(141): warning C4800: “bool32”: 将值强制为布尔值“true”或“false”(性能警告)
d:\mywork\cos\src\storage\knl_buf_lru.cpp(172): error C2039: “size”: 不是“buf_page_t”的成员
  d:\mywork\cos\src\storage\knl_buf.h(343): note: 参见“buf_page_t”的声明
d:\mywork\cos\src\storage\knl_buf_lru.cpp(172): error C2228: “.is_compressed”的左边必须有类/结构/联合
d:\mywork\cos\src\storage\knl_buf_lru.cpp(174): error C2039: “zip”: 不是“buf_page_t”的成员
  d:\mywork\cos\src\storage\knl_buf.h(343): note: 参见“buf_page_t”的声明
d:\mywork\cos\src\storage\knl_buf_lru.cpp(174): error C2228: “.data”的左边必须有类/结构/联合
d:\mywork\cos\src\storage\knl_buf_lru.cpp(174): error C2039: “size”: 不是“buf_page_t”的成员
  d:\mywork\cos\src\storage\knl_buf.h(343): note: 参见“buf_page_t”的声明
d:\mywork\cos\src\storage\knl_buf_lru.cpp(174): error C2228: “.physical”的左边必须有类/结构/联合
d:\mywork\cos\src\storage\knl_buf_lru.cpp(174): error C3861: “UNIV_MEM_DESC”: 找不到标识符
d:\mywork\cos\src\storage\knl_buf_lru.cpp(186): error C2059: 语法错误:“)”
d:\mywork\cos\src\storage\knl_buf_lru.cpp(186): error C2143: 语法错误: 缺少“;”(在“{”的前面)
d:\mywork\cos\src\storage\knl_buf_lru.cpp(190): error C2039: “in_zip_hash”: 不是“buf_page_t”的成员
  d:\mywork\cos\src\storage\knl_buf.h(343): note: 参见“buf_page_t”的声明
d:\mywork\cos\src\storage\knl_buf_lru.cpp(194): error C2664: “uint32 hash_calc_hash(HASH_TABLE *,uint32)”: 无法将参数 1 从“uint32”转换为“HASH_TABLE *”
  d:\mywork\cos\src\storage\knl_buf_lru.cpp(194): note: 从整型转换为指针类型要求 reinterpret_cast、C 样式转换或函数样式转换
d:\mywork\cos\src\storage\knl_buf_lru.cpp(194): error C2660: “hash_get_nth_cell”: 函数不接受 1 个参数
d:\mywork\cos\src\storage\knl_buf_lru.cpp(198): error C2065: “ulint”: 未声明的标识符
d:\mywork\cos\src\storage\knl_buf_lru.cpp(198): error C2146: 语法错误: 缺少“;”(在标识符“lru_len”的前面)
d:\mywork\cos\src\storage\knl_buf_lru.cpp(198): error C2065: “lru_len”: 未声明的标识符
d:\mywork\cos\src\storage\knl_buf_lru.cpp(203): error C3861: “UT_LIST_INSERT_AFTER”: 找不到标识符
d:\mywork\cos\src\storage\knl_buf_lru.cpp(205): error C3861: “incr_LRU_size_in_bytes”: 找不到标识符
d:\mywork\cos\src\storage\knl_buf_lru.cpp(207): error C3861: “buf_page_is_old”: 找不到标识符
d:\mywork\cos\src\storage\knl_buf_lru.cpp(214): error C2065: “lru_len”: 未声明的标识符
d:\mywork\cos\src\storage\knl_buf_lru.cpp(216): error C2065: “lru_len”: 未声明的标识符
d:\mywork\cos\src\storage\knl_buf_lru.cpp(216): error C2065: “BUF_LRU_OLD_MIN_LEN”: 未声明的标识符
d:\mywork\cos\src\storage\knl_buf_lru.cpp(220): error C3861: “buf_LRU_old_adjust_len”: 找不到标识符
d:\mywork\cos\src\storage\knl_buf_lru.cpp(221): error C2065: “lru_len”: 未声明的标识符
d:\mywork\cos\src\storage\knl_buf_lru.cpp(221): error C2065: “BUF_LRU_OLD_MIN_LEN”: 未声明的标识符
d:\mywork\cos\src\storage\knl_buf_lru.cpp(225): error C3861: “buf_LRU_old_init”: 找不到标识符
d:\mywork\cos\src\storage\knl_buf_lru.cpp(234): error C3861: “buf_page_is_old”: 找不到标识符
d:\mywork\cos\src\storage\knl_buf_lru.cpp(234): error C3861: “buf_LRU_add_block_low”: 找不到标识符
d:\mywork\cos\src\storage\knl_buf_lru.cpp(237): error C2039: “zip_mutex”: 不是“buf_pool_t”的成员
  d:\mywork\cos\src\storage\knl_buf.h(526): note: 参见“buf_pool_t”的声明
d:\mywork\cos\src\storage\knl_buf_lru.cpp(237): error C2660: “spin_lock”: 函数不接受 1 个参数
d:\mywork\cos\src\storage\knl_buf_lru.cpp(245): error C3861: “buf_flush_relocate_on_flush_list”: 找不到标识符
d:\mywork\cos\src\storage\knl_buf_lru.cpp(248): error C2039: “zip”: 不是“buf_page_t”的成员
  d:\mywork\cos\src\storage\knl_buf.h(343): note: 参见“buf_page_t”的声明
d:\mywork\cos\src\storage\knl_buf_lru.cpp(248): error C2228: “.data”的左边必须有类/结构/联合
d:\mywork\cos\src\storage\knl_buf_lru.cpp(250): error C2039: “zip”: 不是“buf_page_t”的成员
  d:\mywork\cos\src\storage\knl_buf.h(343): note: 参见“buf_page_t”的声明
d:\mywork\cos\src\storage\knl_buf_lru.cpp(250): error C3861: “page_zip_set_size”: 找不到标识符
d:\mywork\cos\src\storage\knl_buf_lru.cpp(252): error C2039: “size”: 不是“buf_page_t”的成员
  d:\mywork\cos\src\storage\knl_buf.h(343): note: 参见“buf_page_t”的声明
d:\mywork\cos\src\storage\knl_buf_lru.cpp(252): error C2228: “.copy_from”的左边必须有类/结构/联合
d:\mywork\cos\src\storage\knl_buf_lru.cpp(253): error C2039: “size”: 不是“buf_page_t”的成员
  d:\mywork\cos\src\storage\knl_buf.h(343): note: 参见“buf_page_t”的声明
d:\mywork\cos\src\storage\knl_buf_lru.cpp(253): error C2228: “.logical”的左边必须有类/结构/联合
d:\mywork\cos\src\storage\knl_buf_lru.cpp(253): error C2440: “<function-style-cast>”: 无法从“bool”转换为“page_size_t”
  d:\mywork\cos\src\storage\knl_buf_lru.cpp(253): note: 无构造函数可以接受源类型，或构造函数重载决策不明确
d:\mywork\cos\src\storage\knl_buf_lru.cpp(258): error C3861: “buf_page_set_sticky”: 找不到标识符
d:\mywork\cos\src\storage\knl_buf_lru.cpp(260): error C2039: “zip_mutex”: 不是“buf_pool_t”的成员
  d:\mywork\cos\src\storage\knl_buf.h(526): note: 参见“buf_pool_t”的声明
d:\mywork\cos\src\storage\knl_buf_lru.cpp(262): error C2065: “block_mutex”: 未声明的标识符
d:\mywork\cos\src\storage\knl_buf_lru.cpp(273): error C2059: 语法错误:“)”
d:\mywork\cos\src\storage\knl_buf_lru.cpp(274): error C2059: 语法错误:“)”
d:\mywork\cos\src\storage\knl_buf_lru.cpp(275): error C2059: 语法错误:“)”
d:\mywork\cos\src\storage\knl_buf_lru.cpp(285): error C2039: “size”: 不是“buf_page_t”的成员
  d:\mywork\cos\src\storage\knl_buf.h(343): note: 参见“buf_page_t”的声明
d:\mywork\cos\src\storage\knl_buf_lru.cpp(285): error C2228: “.is_compressed”的左边必须有类/结构/联合
d:\mywork\cos\src\storage\knl_buf_lru.cpp(287): error C2065: “BlockReporter”: 未声明的标识符
d:\mywork\cos\src\storage\knl_buf_lru.cpp(287): error C2146: 语法错误: 缺少“;”(在标识符“reporter”的前面)
d:\mywork\cos\src\storage\knl_buf_lru.cpp(287): error C2065: “reporter”: 未声明的标识符
d:\mywork\cos\src\storage\knl_buf_lru.cpp(287): error C2039: “zip”: 不是“buf_page_t”的成员
  d:\mywork\cos\src\storage\knl_buf.h(343): note: 参见“buf_page_t”的声明
d:\mywork\cos\src\storage\knl_buf_lru.cpp(287): error C2228: “.data”的左边必须有类/结构/联合
d:\mywork\cos\src\storage\knl_buf_lru.cpp(287): error C2039: “size”: 不是“buf_page_t”的成员
  d:\mywork\cos\src\storage\knl_buf.h(343): note: 参见“buf_page_t”的声明
d:\mywork\cos\src\storage\knl_buf_lru.cpp(287): error C3861: “BlockReporter”: 找不到标识符
d:\mywork\cos\src\storage\knl_buf_lru.cpp(289): error C2065: “reporter”: 未声明的标识符
d:\mywork\cos\src\storage\knl_buf_lru.cpp(289): error C2228: “.calc_zip_checksum”的左边必须有类/结构/联合
  d:\mywork\cos\src\storage\knl_buf_lru.cpp(289): note: 类型是“unknown-type”
d:\mywork\cos\src\storage\knl_buf_lru.cpp(290): error C2061: 语法错误: 标识符“srv_checksum_algorithm_t”
d:\mywork\cos\src\storage\knl_buf_lru.cpp(292): error C2039: “zip”: 不是“buf_page_t”的成员
  d:\mywork\cos\src\storage\knl_buf.h(343): note: 参见“buf_page_t”的声明
d:\mywork\cos\src\storage\knl_buf_lru.cpp(292): error C2228: “.data”的左边必须有类/结构/联合
d:\mywork\cos\src\storage\knl_buf_lru.cpp(292): error C2065: “FIL_PAGE_SPACE_OR_CHKSUM”: 未声明的标识符
d:\mywork\cos\src\storage\knl_buf_lru.cpp(296): error C2039: “zip_mutex”: 不是“buf_pool_t”的成员
  d:\mywork\cos\src\storage\knl_buf.h(526): note: 参见“buf_pool_t”的声明
d:\mywork\cos\src\storage\knl_buf_lru.cpp(296): error C2660: “spin_lock”: 函数不接受 1 个参数
d:\mywork\cos\src\storage\knl_buf_lru.cpp(298): error C3861: “buf_page_unset_sticky”: 找不到标识符
d:\mywork\cos\src\storage\knl_buf_lru.cpp(300): error C2039: “zip_mutex”: 不是“buf_pool_t”的成员
  d:\mywork\cos\src\storage\knl_buf.h(526): note: 参见“buf_pool_t”的声明
d:\mywork\cos\src\storage\knl_buf_lru.cpp(303): error C2059: 语法错误:“)”
d:\mywork\cos\src\storage\knl_buf_lru.cpp(311): error C2065: “block”: 未声明的标识符
d:\mywork\cos\src\storage\knl_buf_lru.cpp(311): error C2182: “buf_LRU_block_free_non_file_page”: 非法使用“void”类型
d:\mywork\cos\src\storage\knl_buf_lru.cpp(312): error C2448: “buf_LRU_block_free_non_file_page”: 函数样式初始值设定项类似函数定义
d:\mywork\cos\src\storage\knl_buf_lru.cpp(327): error C2039: “lru_scan_itr”: 不是“buf_pool_t”的成员
  d:\mywork\cos\src\storage\knl_buf.h(526): note: 参见“buf_pool_t”的声明
d:\mywork\cos\src\storage\knl_buf_lru.cpp(327): error C2228: “.start”的左边必须有类/结构/联合
d:\mywork\cos\src\storage\knl_buf_lru.cpp(329): error C2039: “lru_scan_itr”: 不是“buf_pool_t”的成员
  d:\mywork\cos\src\storage\knl_buf.h(526): note: 参见“buf_pool_t”的声明
d:\mywork\cos\src\storage\knl_buf_lru.cpp(329): error C2228: “.get”的左边必须有类/结构/联合
d:\mywork\cos\src\storage\knl_buf_lru.cpp(329): fatal error C1003: 错误计数超过 100；正在停止编译
  knl_buf_flush.cpp
d:\mywork\cos\src\storage\knl_buf_flush.cpp(9): error C2065: “buf_pool_t”: 未声明的标识符
d:\mywork\cos\src\storage\knl_buf_flush.cpp(9): error C2065: “buf_pool”: 未声明的标识符
  knl_buf.cpp
d:\mywork\cos\src\storage\knl_buf.h(831): error C2061: 语法错误: 标识符“fil_addr_t”
d:\mywork\cos\src\storage\knl_buf.cpp(218): error C3861: “fsp_is_system_temporary”: 找不到标识符
d:\mywork\cos\src\storage\knl_buf.cpp(219): error C2065: “Buf_fetch_normal”: 未声明的标识符
d:\mywork\cos\src\storage\knl_buf.cpp(219): error C2146: 语法错误: 缺少“;”(在标识符“fetch”的前面)
d:\mywork\cos\src\storage\knl_buf.cpp(219): error C3861: “fetch”: 找不到标识符
d:\mywork\cos\src\storage\knl_buf.cpp(221): error C2065: “fetch”: 未声明的标识符
d:\mywork\cos\src\storage\knl_buf.cpp(221): error C2228: “.m_rw_latch”的左边必须有类/结构/联合
  d:\mywork\cos\src\storage\knl_buf.cpp(221): note: 类型是“unknown-type”
d:\mywork\cos\src\storage\knl_buf.cpp(222): error C2065: “fetch”: 未声明的标识符
d:\mywork\cos\src\storage\knl_buf.cpp(222): error C2228: “.m_guess”的左边必须有类/结构/联合
  d:\mywork\cos\src\storage\knl_buf.cpp(222): note: 类型是“unknown-type”
d:\mywork\cos\src\storage\knl_buf.cpp(223): error C2065: “fetch”: 未声明的标识符
d:\mywork\cos\src\storage\knl_buf.cpp(223): error C2228: “.m_mode”的左边必须有类/结构/联合
  d:\mywork\cos\src\storage\knl_buf.cpp(223): note: 类型是“unknown-type”
d:\mywork\cos\src\storage\knl_buf.cpp(224): error C2065: “fetch”: 未声明的标识符
d:\mywork\cos\src\storage\knl_buf.cpp(224): error C2228: “.m_file”的左边必须有类/结构/联合
  d:\mywork\cos\src\storage\knl_buf.cpp(224): note: 类型是“unknown-type”
d:\mywork\cos\src\storage\knl_buf.cpp(225): error C2065: “fetch”: 未声明的标识符
d:\mywork\cos\src\storage\knl_buf.cpp(225): error C2228: “.m_line”的左边必须有类/结构/联合
  d:\mywork\cos\src\storage\knl_buf.cpp(225): note: 类型是“unknown-type”
d:\mywork\cos\src\storage\knl_buf.cpp(226): error C2065: “fetch”: 未声明的标识符
d:\mywork\cos\src\storage\knl_buf.cpp(226): error C2228: “.m_mtr”的左边必须有类/结构/联合
  d:\mywork\cos\src\storage\knl_buf.cpp(226): note: 类型是“unknown-type”
d:\mywork\cos\src\storage\knl_buf.cpp(227): error C2065: “fetch”: 未声明的标识符
d:\mywork\cos\src\storage\knl_buf.cpp(227): error C2228: “.m_dirty_with_no_latch”的左边必须有类/结构/联合
  d:\mywork\cos\src\storage\knl_buf.cpp(227): note: 类型是“unknown-type”
d:\mywork\cos\src\storage\knl_buf.cpp(229): error C2065: “fetch”: 未声明的标识符
d:\mywork\cos\src\storage\knl_buf.cpp(229): error C2228: “.single_page”的左边必须有类/结构/联合
  d:\mywork\cos\src\storage\knl_buf.cpp(229): note: 类型是“unknown-type”
d:\mywork\cos\src\storage\knl_buf.cpp(232): error C2065: “Buf_fetch_other”: 未声明的标识符
d:\mywork\cos\src\storage\knl_buf.cpp(232): error C2146: 语法错误: 缺少“;”(在标识符“fetch”的前面)
d:\mywork\cos\src\storage\knl_buf.cpp(232): error C3861: “fetch”: 找不到标识符
d:\mywork\cos\src\storage\knl_buf.cpp(234): error C2065: “fetch”: 未声明的标识符
d:\mywork\cos\src\storage\knl_buf.cpp(234): error C2228: “.m_rw_latch”的左边必须有类/结构/联合
  d:\mywork\cos\src\storage\knl_buf.cpp(234): note: 类型是“unknown-type”
d:\mywork\cos\src\storage\knl_buf.cpp(235): error C2065: “fetch”: 未声明的标识符
d:\mywork\cos\src\storage\knl_buf.cpp(235): error C2228: “.m_guess”的左边必须有类/结构/联合
  d:\mywork\cos\src\storage\knl_buf.cpp(235): note: 类型是“unknown-type”
d:\mywork\cos\src\storage\knl_buf.cpp(236): error C2065: “fetch”: 未声明的标识符
d:\mywork\cos\src\storage\knl_buf.cpp(236): error C2228: “.m_mode”的左边必须有类/结构/联合
  d:\mywork\cos\src\storage\knl_buf.cpp(236): note: 类型是“unknown-type”
d:\mywork\cos\src\storage\knl_buf.cpp(237): error C2065: “fetch”: 未声明的标识符
d:\mywork\cos\src\storage\knl_buf.cpp(237): error C2228: “.m_file”的左边必须有类/结构/联合
  d:\mywork\cos\src\storage\knl_buf.cpp(237): note: 类型是“unknown-type”
d:\mywork\cos\src\storage\knl_buf.cpp(238): error C2065: “fetch”: 未声明的标识符
d:\mywork\cos\src\storage\knl_buf.cpp(238): error C2228: “.m_line”的左边必须有类/结构/联合
  d:\mywork\cos\src\storage\knl_buf.cpp(238): note: 类型是“unknown-type”
d:\mywork\cos\src\storage\knl_buf.cpp(239): error C2065: “fetch”: 未声明的标识符
d:\mywork\cos\src\storage\knl_buf.cpp(239): error C2228: “.m_mtr”的左边必须有类/结构/联合
  d:\mywork\cos\src\storage\knl_buf.cpp(239): note: 类型是“unknown-type”
d:\mywork\cos\src\storage\knl_buf.cpp(240): error C2065: “fetch”: 未声明的标识符
d:\mywork\cos\src\storage\knl_buf.cpp(240): error C2228: “.m_dirty_with_no_latch”的左边必须有类/结构/联合
  d:\mywork\cos\src\storage\knl_buf.cpp(240): note: 类型是“unknown-type”
d:\mywork\cos\src\storage\knl_buf.cpp(242): error C2065: “fetch”: 未声明的标识符
d:\mywork\cos\src\storage\knl_buf.cpp(242): error C2228: “.single_page”的左边必须有类/结构/联合
  d:\mywork\cos\src\storage\knl_buf.cpp(242): note: 类型是“unknown-type”
d:\mywork\cos\src\storage\knl_buf.cpp(259): error C3861: “buf_LRU_get_free_block”: 找不到标识符
d:\mywork\cos\src\storage\knl_buf.cpp(282): error C2660: “buf_page_get_gen”: 函数不接受 8 个参数
d:\mywork\cos\src\storage\knl_buf.cpp(288): error C2065: “_db_stack_frame_”: 未声明的标识符
d:\mywork\cos\src\storage\knl_buf.cpp(288): error C2146: 语法错误: 缺少“)”(在标识符“UINT32PF”的前面)
d:\mywork\cos\src\storage\knl_buf.cpp(292): error C3861: “buf_page_mutex_enter”: 找不到标识符
d:\mywork\cos\src\storage\knl_buf.cpp(294): error C2660: “buf_page_init”: 函数不接受 4 个参数
d:\mywork\cos\src\storage\knl_buf.cpp(296): error C3861: “buf_block_buf_fix_inc”: 找不到标识符
d:\mywork\cos\src\storage\knl_buf.cpp(298): error C3861: “buf_page_set_accessed”: 找不到标识符
d:\mywork\cos\src\storage\knl_buf.cpp(300): error C2039: “mutex”: 不是“buf_block_t”的成员
  d:\mywork\cos\src\storage\knl_buf.h(399): note: 参见“buf_block_t”的声明
d:\mywork\cos\src\storage\knl_buf.cpp(306): error C2065: “mtr_memo_type_t”: 未声明的标识符
d:\mywork\cos\src\storage\knl_buf.cpp(306): error C2146: 语法错误: 缺少“;”(在标识符“mtr_latch_type”的前面)
d:\mywork\cos\src\storage\knl_buf.cpp(306): error C2065: “mtr_latch_type”: 未声明的标识符
d:\mywork\cos\src\storage\knl_buf.cpp(309): error C2664: “void rw_lock_x_lock_func(rw_lock_t *,uint32,const char *,uint32)”: 无法将参数 1 从“spinlock_t *”转换为“rw_lock_t *”
  d:\mywork\cos\src\storage\knl_buf.cpp(309): note: 与指向的类型无关；转换要求 reinterpret_cast、C 样式转换或函数样式转换
d:\mywork\cos\src\storage\knl_buf.cpp(310): error C2065: “mtr_latch_type”: 未声明的标识符
d:\mywork\cos\src\storage\knl_buf.cpp(312): error C3861: “rw_lock_sx_lock”: 找不到标识符
d:\mywork\cos\src\storage\knl_buf.cpp(313): error C2065: “mtr_latch_type”: 未声明的标识符
d:\mywork\cos\src\storage\knl_buf.cpp(313): error C2065: “MTR_MEMO_PAGE_SX_FIX”: 未声明的标识符
d:\mywork\cos\src\storage\knl_buf.cpp(315): error C2065: “mtr_latch_type”: 未声明的标识符
d:\mywork\cos\src\storage\knl_buf.cpp(315): error C3861: “mtr_memo_push”: 找不到标识符
d:\mywork\cos\src\storage\knl_buf.cpp(320): error C3861: “buf_LRU_add_block”: 找不到标识符
d:\mywork\cos\src\storage\knl_buf.cpp(322): error C3861: “os_atomic_increment_ulint”: 找不到标识符
d:\mywork\cos\src\storage\knl_buf.cpp(327): error C2039: “physical”: 不是“page_size_t”的成员
  d:\mywork\cos\src\storage\knl_buf.h(172): note: 参见“page_size_t”的声明
d:\mywork\cos\src\storage\knl_buf.cpp(327): error C3861: “buf_buddy_alloc”: 找不到标识符
d:\mywork\cos\src\storage\knl_buf.cpp(329): error C2660: “spin_lock”: 函数不接受 1 个参数
d:\mywork\cos\src\storage\knl_buf.cpp(331): error C3861: “buf_page_mutex_enter”: 找不到标识符
d:\mywork\cos\src\storage\knl_buf.cpp(332): error C2039: “zip”: 不是“buf_page_t”的成员
  d:\mywork\cos\src\storage\knl_buf.h(343): note: 参见“buf_page_t”的声明
d:\mywork\cos\src\storage\knl_buf.cpp(332): error C2228: “.data”的左边必须有类/结构/联合
d:\mywork\cos\src\storage\knl_buf.cpp(332): error C2065: “page_zip_t”: 未声明的标识符
d:\mywork\cos\src\storage\knl_buf.cpp(332): error C2059: 语法错误:“)”
d:\mywork\cos\src\storage\knl_buf.cpp(333): error C3861: “buf_page_mutex_exit”: 找不到标识符
d:\mywork\cos\src\storage\knl_buf.cpp(340): error C3861: “buf_page_belongs_to_unzip_LRU”: 找不到标识符
d:\mywork\cos\src\storage\knl_buf.cpp(341): error C3861: “buf_unzip_LRU_add_block”: 找不到标识符
d:\mywork\cos\src\storage\knl_buf.cpp(348): error C3861: “ibuf_merge_or_delete_for_page”: 找不到标识符
d:\mywork\cos\src\storage\knl_buf.cpp(352): error C2065: “FIL_PAGE_PREV”: 未声明的标识符
d:\mywork\cos\src\storage\knl_buf.cpp(353): error C2065: “FIL_PAGE_NEXT”: 未声明的标识符
d:\mywork\cos\src\storage\knl_buf.cpp(354): error C2065: “FIL_PAGE_TYPE”: 未声明的标识符
d:\mywork\cos\src\storage\knl_buf.cpp(354): error C2065: “FIL_PAGE_TYPE_ALLOCATED”: 未声明的标识符
d:\mywork\cos\src\storage\knl_buf.cpp(365): error C2065: “FIL_PAGE_FILE_FLUSH_LSN”: 未声明的标识符
d:\mywork\cos\src\storage\knl_buf.cpp(391): error C3861: “buf_LRU_get_free_only”: 找不到标识符
d:\mywork\cos\src\storage\knl_buf.cpp(407): error C3861: “buf_LRU_scan_and_free_block”: 找不到标识符
d:\mywork\cos\src\storage\knl_buf.cpp(420): error C2065: “srv_buf_pool_old_size”: 未声明的标识符
d:\mywork\cos\src\storage\knl_buf.cpp(431): error C2065: “fil_n_pending_log_flushes”: 未声明的标识符
d:\mywork\cos\src\storage\knl_buf.cpp(431): error C2065: “fil_n_pending_tablespace_flushes”: 未声明的标识符
d:\mywork\cos\src\storage\knl_buf.cpp(432): error C2065: “os_n_file_reads”: 未声明的标识符
d:\mywork\cos\src\storage\knl_buf.cpp(432): error C2065: “os_n_file_writes”: 未声明的标识符
d:\mywork\cos\src\storage\knl_buf.cpp(432): error C2065: “os_n_fsyncs”: 未声明的标识符
d:\mywork\cos\src\storage\knl_buf.cpp(421): error C3861: “LOG_PRINT_WARNING”: 找不到标识符
d:\mywork\cos\src\storage\knl_buf.cpp(434): error C2065: “lock_sys”: 未声明的标识符
d:\mywork\cos\src\storage\knl_buf.cpp(434): error C2227: “->timeout_event”的左边必须指向类/结构/联合/泛型类型
  d:\mywork\cos\src\storage\knl_buf.cpp(434): note: 类型是“unknown-type”
d:\mywork\cos\src\storage\knl_buf.cpp(440): error C2065: “srv_read_only_mode”: 未声明的标识符
d:\mywork\cos\src\storage\knl_buf.cpp(441): error C2065: “buf_flush_event”: 未声明的标识符
d:\mywork\cos\src\storage\knl_buf.cpp(453): error C3861: “buf_flush_single_page_from_LRU”: 找不到标识符
d:\mywork\cos\src\storage\knl_buf.cpp(538): error C2061: 语法错误: 标识符“fil_addr_t”
d:\mywork\cos\src\storage\knl_buf.cpp(540): error C2664: “void *ut_align_down(void *,uint32)”: 无法将参数 1 从“const void *”转换为“void *”
  d:\mywork\cos\src\storage\knl_buf.cpp(540): note: 转换丢失限定符
d:\mywork\cos\src\storage\knl_buf.cpp(542): error C2065: “FIL_PAGE_ARCH_LOG_NO_OR_SPACE_ID”: 未声明的标识符
d:\mywork\cos\src\storage\knl_buf.cpp(543): error C2065: “addr”: 未声明的标识符
d:\mywork\cos\src\storage\knl_buf.cpp(543): error C2227: “->page”的左边必须指向类/结构/联合/泛型类型
  d:\mywork\cos\src\storage\knl_buf.cpp(543): note: 类型是“unknown-type”
d:\mywork\cos\src\storage\knl_buf.cpp(543): error C2065: “FIL_PAGE_OFFSET”: 未声明的标识符
d:\mywork\cos\src\storage\knl_buf.cpp(544): error C2065: “addr”: 未声明的标识符
d:\mywork\cos\src\storage\knl_buf.cpp(544): error C2227: “->boffset”的左边必须指向类/结构/联合/泛型类型
  d:\mywork\cos\src\storage\knl_buf.cpp(544): note: 类型是“unknown-type”
d:\mywork\cos\src\storage\knl_buf.cpp(569): error C3861: “buf_block_get_state”: 找不到标识符
d:\mywork\cos\src\storage\knl_buf.cpp(569): fatal error C1003: 错误计数超过 100；正在停止编译
  正在生成代码...
  正在编译...
  knl_server.cpp
d:\mywork\cos\src\storage\knl_buf.h(831): error C2061: 语法错误: 标识符“fil_addr_t”
  正在生成代码...
