d:\mywork\cos\win\libstorage\x64\debug\libstorage.pdb
d:\mywork\cos\win\libstorage\x64\debug\libstorage.idb
d:\mywork\cos\win\libstorage\x64\debug\knl_data_type.obj
d:\mywork\cos\win\libstorage\x64\debug\knl_dblwrite.obj
d:\mywork\cos\win\libstorage\x64\debug\knl_dict.obj
d:\mywork\cos\win\libstorage\x64\debug\knl_file_system.obj
d:\mywork\cos\win\libstorage\x64\debug\knl_flst.obj
d:\mywork\cos\win\libstorage\x64\debug\knl_fsp.obj
d:\mywork\cos\win\libstorage\x64\debug\knl_handler.obj
d:\mywork\cos\win\libstorage\x64\debug\knl_hash_table.obj
d:\mywork\cos\win\libstorage\x64\debug\knl_heap.obj
d:\mywork\cos\win\libstorage\x64\debug\knl_heap_fsm.obj
d:\mywork\cos\win\libstorage\x64\debug\knl_heap_toast.obj
d:\mywork\cos\win\libstorage\x64\debug\knl_log.obj
d:\mywork\cos\win\libstorage\x64\debug\knl_mtr.obj
d:\mywork\cos\win\libstorage\x64\debug\knl_page.obj
d:\mywork\cos\win\libstorage\x64\debug\knl_recovery.obj
d:\mywork\cos\win\libstorage\x64\debug\knl_server.obj
d:\mywork\cos\win\libstorage\x64\debug\knl_session.obj
d:\mywork\cos\win\libstorage\x64\debug\knl_trx.obj
d:\mywork\cos\win\libstorage\x64\debug\knl_trx_rseg.obj
d:\mywork\cos\win\libstorage\x64\debug\knl_trx_undo.obj
d:\mywork\cos\win\libstorage\x64\debug\knl_btree.obj
d:\mywork\cos\win\libstorage\x64\debug\knl_buf.obj
d:\mywork\cos\win\libstorage\x64\debug\knl_buf_flush.obj
d:\mywork\cos\win\libstorage\x64\debug\knl_buf_lru.obj
d:\mywork\cos\win\libstorage\x64\debug\knl_checkpoint.obj
d:\mywork\cos\win\libstorage\x64\debug\knl_data.obj
d:\mywork\cos\lib\libstorage.lib
d:\mywork\cos\win\..\lib\libstorage.pdb
d:\mywork\cos\win\..\lib\libstorage.lib
d:\mywork\cos\win\libstorage\x64\debug\libstorage.tlog\cl.command.1.tlog
d:\mywork\cos\win\libstorage\x64\debug\libstorage.tlog\cl.read.1.tlog
d:\mywork\cos\win\libstorage\x64\debug\libstorage.tlog\cl.write.1.tlog
d:\mywork\cos\win\libstorage\x64\debug\libstorage.tlog\lib-link.read.1.tlog
d:\mywork\cos\win\libstorage\x64\debug\libstorage.tlog\lib-link.write.1.tlog
d:\mywork\cos\win\libstorage\x64\debug\libstorage.tlog\lib.command.1.tlog
