d:\mywork\cos\win\libcommon\x64\debug\libcommon.pdb
d:\mywork\cos\win\libcommon\x64\debug\libcommon.idb
d:\mywork\cos\win\libcommon\x64\debug\cm_biqueue.obj
d:\mywork\cos\win\libcommon\x64\debug\cm_config.obj
d:\mywork\cos\win\libcommon\x64\debug\cm_date.obj
d:\mywork\cos\win\libcommon\x64\debug\cm_dbug.obj
d:\mywork\cos\win\libcommon\x64\debug\cm_file.obj
d:\mywork\cos\win\libcommon\x64\debug\cm_getopt.obj
d:\mywork\cos\win\libcommon\x64\debug\cm_hash.obj
d:\mywork\cos\win\libcommon\x64\debug\cm_log.obj
d:\mywork\cos\win\libcommon\x64\debug\cm_md5.obj
d:\mywork\cos\win\libcommon\x64\debug\cm_memory.obj
d:\mywork\cos\win\libcommon\x64\debug\cm_mutex.obj
d:\mywork\cos\win\libcommon\x64\debug\cm_queue.obj
d:\mywork\cos\win\libcommon\x64\debug\cm_rbt.obj
d:\mywork\cos\win\libcommon\x64\debug\cm_encrypt.obj
d:\mywork\cos\win\libcommon\x64\debug\cm_thread.obj
d:\mywork\cos\win\libcommon\x64\debug\cm_thread_group.obj
d:\mywork\cos\win\libcommon\x64\debug\cm_thread_pool.obj
d:\mywork\cos\win\libcommon\x64\debug\cm_timewheel.obj
d:\mywork\cos\win\libcommon\x64\debug\cm_util.obj
d:\mywork\cos\win\libcommon\x64\debug\cm_virtual_mem.obj
d:\mywork\cos\win\libcommon\x64\debug\cm_base64.obj
d:\mywork\cos\lib\libcommon.lib
d:\mywork\cos\win\..\lib\libcommon.pdb
d:\mywork\cos\win\..\lib\libcommon.lib
d:\mywork\cos\win\libcommon\x64\debug\libcommon.tlog\cl.command.1.tlog
d:\mywork\cos\win\libcommon\x64\debug\libcommon.tlog\cl.read.1.tlog
d:\mywork\cos\win\libcommon\x64\debug\libcommon.tlog\cl.write.1.tlog
d:\mywork\cos\win\libcommon\x64\debug\libcommon.tlog\lib-link.read.1.tlog
d:\mywork\cos\win\libcommon\x64\debug\libcommon.tlog\lib-link.write.1.tlog
d:\mywork\cos\win\libcommon\x64\debug\libcommon.tlog\lib.command.1.tlog
