d:\mywork\cos\win\libstrings\x64\debug\libstrings.pdb
d:\mywork\cos\win\libstrings\x64\debug\libstrings.idb
d:\mywork\cos\win\libstrings\x64\debug\ctype-sjis.obj
d:\mywork\cos\win\libstrings\x64\debug\ctype-tis620.obj
d:\mywork\cos\win\libstrings\x64\debug\ctype-ucs2.obj
d:\mywork\cos\win\libstrings\x64\debug\ctype-ujis.obj
d:\mywork\cos\win\libstrings\x64\debug\ctype-utf8.obj
d:\mywork\cos\win\libstrings\x64\debug\ctype-win1250ch.obj
d:\mywork\cos\win\libstrings\x64\debug\ctype.obj
d:\mywork\cos\win\libstrings\x64\debug\decimal.obj
d:\mywork\cos\win\libstrings\x64\debug\dtoa.obj
d:\mywork\cos\win\libstrings\x64\debug\int2str.obj
d:\mywork\cos\win\libstrings\x64\debug\longlong2str.obj
d:\mywork\cos\win\libstrings\x64\debug\my_strchr.obj
d:\mywork\cos\win\libstrings\x64\debug\my_strtoll10.obj
d:\mywork\cos\win\libstrings\x64\debug\str2int.obj
d:\mywork\cos\win\libstrings\x64\debug\strcont.obj
d:\mywork\cos\win\libstrings\x64\debug\strmake.obj
d:\mywork\cos\win\libstrings\x64\debug\strxmov.obj
d:\mywork\cos\win\libstrings\x64\debug\strxnmov.obj
d:\mywork\cos\win\libstrings\x64\debug\str_alloc.obj
d:\mywork\cos\win\libstrings\x64\debug\xml.obj
d:\mywork\cos\win\libstrings\x64\debug\ctype-big5.obj
d:\mywork\cos\win\libstrings\x64\debug\ctype-bin.obj
d:\mywork\cos\win\libstrings\x64\debug\ctype-cp932.obj
d:\mywork\cos\win\libstrings\x64\debug\ctype-czech.obj
d:\mywork\cos\win\libstrings\x64\debug\ctype-eucjpms.obj
d:\mywork\cos\win\libstrings\x64\debug\ctype-euc_kr.obj
d:\mywork\cos\win\libstrings\x64\debug\ctype-extra.obj
d:\mywork\cos\win\libstrings\x64\debug\ctype-gb18030.obj
d:\mywork\cos\win\libstrings\x64\debug\ctype-gb2312.obj
d:\mywork\cos\win\libstrings\x64\debug\ctype-gbk.obj
d:\mywork\cos\win\libstrings\x64\debug\ctype-latin1.obj
d:\mywork\cos\win\libstrings\x64\debug\ctype-mb.obj
d:\mywork\cos\win\libstrings\x64\debug\ctype-simple.obj
d:\mywork\cos\lib\libstrings.lib
d:\mywork\cos\win\..\lib\libstrings.pdb
d:\mywork\cos\win\..\lib\libstrings.lib
d:\mywork\cos\win\libstrings\x64\debug\libstrings.tlog\cl.command.1.tlog
d:\mywork\cos\win\libstrings\x64\debug\libstrings.tlog\cl.read.1.tlog
d:\mywork\cos\win\libstrings\x64\debug\libstrings.tlog\cl.write.1.tlog
d:\mywork\cos\win\libstrings\x64\debug\libstrings.tlog\lib-link.read.1.tlog
d:\mywork\cos\win\libstrings\x64\debug\libstrings.tlog\lib-link.write.1.tlog
d:\mywork\cos\win\libstrings\x64\debug\libstrings.tlog\lib.command.1.tlog
