  xml.cpp
  str_alloc.cpp
  strxnmov.cpp
  strxmov.cpp
  strnlen.cpp
  strmake.cpp
  strfill.cpp
  strend.cpp
  strcont.cpp
  strcend.cpp
  strappend.cpp
  str2int.cpp
  my_vsnprintf.cpp
d:\mywork\cos\src\strings\my_vsnprintf.cpp(244): warning C4244: “参数”: 从“longlong”转换到“long”，可能丢失数据
d:\mywork\cos\src\strings\my_vsnprintf.cpp(246): warning C4244: “参数”: 从“longlong”转换到“long”，可能丢失数据
d:\mywork\cos\src\strings\my_vsnprintf.cpp(251): warning C4244: “参数”: 从“longlong”转换到“long”，可能丢失数据
d:\mywork\cos\src\strings\my_vsnprintf.cpp(255): warning C4244: “参数”: 从“longlong”转换到“long”，可能丢失数据
d:\mywork\cos\src\strings\my_vsnprintf.cpp(260): warning C4244: “参数”: 从“longlong”转换到“long”，可能丢失数据
  my_strtoll10.cpp
  my_strchr.cpp
  my_stpnmov.cpp
  my_stpmov.cpp
  longlong2str.cpp
  llstr.cpp
d:\mywork\cos\src\strings\llstr.cpp(45): warning C4244: “参数”: 从“longlong”转换到“long”，可能丢失数据
d:\mywork\cos\src\strings\llstr.cpp(51): warning C4244: “参数”: 从“longlong”转换到“long”，可能丢失数据
  is_prefix.cpp
  正在生成代码...
  正在编译...
  int2str.cpp
  dtoa.cpp
  decimal.cpp
d:\mywork\cos\src\strings\decimal.cpp(2506): warning C4244: “=”: 从“__int64”转换到“int”，可能丢失数据
  ctype.cpp
  ctype-win1250ch.cpp
  ctype-utf8.cpp
  ctype-ujis.cpp
  ctype-ucs2.cpp
  ctype-uca.cpp
  ctype-tis620.cpp
  ctype-sjis.cpp
  ctype-simple.cpp
d:\mywork\cos\src\strings\ctype-simple.cpp(1567): warning C4244: “+=”: 从“longlong”转换到“int”，可能丢失数据
  ctype-mb.cpp
  ctype-latin1.cpp
  ctype-gbk.cpp
  ctype-gb2312.cpp
  ctype-gb18030.cpp
  ctype-extra.cpp
  ctype-euc_kr.cpp
  ctype-eucjpms.cpp
  正在生成代码...
  正在编译...
  ctype-czech.cpp
  ctype-cp932.cpp
  ctype-bin.cpp
  ctype-big5.cpp
  bchange.cpp
  正在生成代码...
  libstrings.vcxproj -> D:\MyWork\cos\win\..\lib\libstrings.lib
