The system is: Linux - 3.10.0-957.el7.x86_64 - x86_64
Compiling the C compiler identification source file "CMakeCCompilerId.c" succeeded.
Compiler: /usr/local/gcc-8.2.0/bin/gcc 
Build flags: 
Id flags:  

The output was:
0


Compilation of the C compiler identification source "CMakeCCompilerId.c" produced "a.out"

The C compiler identification is GNU, found in "/home/cos/cos/third_lib/securec/source/build/CMakeFiles/3.16.6/CompilerIdC/a.out"

Compiling the CXX compiler identification source file "CMakeCXXCompilerId.cpp" succeeded.
Compiler: /usr/local/gcc-8.2.0/bin/g++ 
Build flags: 
Id flags:  

The output was:
0


Compilation of the CXX compiler identification source "CMakeCXXCompilerId.cpp" produced "a.out"

The CXX compiler identification is GNU, found in "/home/cos/cos/third_lib/securec/source/build/CMakeFiles/3.16.6/CompilerIdCXX/a.out"

Determining if the C compiler works passed with the following output:
Change Dir: /home/cos/cos/third_lib/securec/source/build/CMakeFiles/CMakeTmp

Run Build Command(s):/bin/gmake cmTC_5e131/fast && /bin/gmake  -f CMakeFiles/cmTC_5e131.dir/build.make CMakeFiles/cmTC_5e131.dir/build
gmake[1]: Entering directory `/home/cos/cos/third_lib/securec/source/build/CMakeFiles/CMakeTmp'
Building C object CMakeFiles/cmTC_5e131.dir/testCCompiler.c.o
/usr/local/gcc-8.2.0/bin/gcc    -o CMakeFiles/cmTC_5e131.dir/testCCompiler.c.o   -c /home/cos/cos/third_lib/securec/source/build/CMakeFiles/CMakeTmp/testCCompiler.c
Linking C executable cmTC_5e131
/usr/local/cmake/bin/cmake -E cmake_link_script CMakeFiles/cmTC_5e131.dir/link.txt --verbose=1
/usr/local/gcc-8.2.0/bin/gcc      -rdynamic CMakeFiles/cmTC_5e131.dir/testCCompiler.c.o  -o cmTC_5e131 
gmake[1]: Leaving directory `/home/cos/cos/third_lib/securec/source/build/CMakeFiles/CMakeTmp'



Detecting C compiler ABI info compiled with the following output:
Change Dir: /home/cos/cos/third_lib/securec/source/build/CMakeFiles/CMakeTmp

Run Build Command(s):/bin/gmake cmTC_2556d/fast && /bin/gmake  -f CMakeFiles/cmTC_2556d.dir/build.make CMakeFiles/cmTC_2556d.dir/build
gmake[1]: Entering directory `/home/cos/cos/third_lib/securec/source/build/CMakeFiles/CMakeTmp'
Building C object CMakeFiles/cmTC_2556d.dir/CMakeCCompilerABI.c.o
/usr/local/gcc-8.2.0/bin/gcc   -v -o CMakeFiles/cmTC_2556d.dir/CMakeCCompilerABI.c.o   -c /usr/local/cmake/share/cmake-3.16/Modules/CMakeCCompilerABI.c
Using built-in specs.
COLLECT_GCC=/usr/local/gcc-8.2.0/bin/gcc
Target: x86_64-pc-linux-gnu
Configured with: ../configure --prefix=/usr/local/gcc-8.2.0 --with-gmp=/usr/local/gmp-6.1.2 --with-mpfr=/usr/local/mpfr-4.0.1 --with-mpc=/usr/local/mpc-1.1.0 --disable-multilib --enable--long-long --enable-threads=posix
Thread model: posix
gcc version 8.2.0 (GCC) 
COLLECT_GCC_OPTIONS='-v' '-o' 'CMakeFiles/cmTC_2556d.dir/CMakeCCompilerABI.c.o' '-c' '-mtune=generic' '-march=x86-64'
 /usr/local/gcc-8.2.0/libexec/gcc/x86_64-pc-linux-gnu/8.2.0/cc1 -quiet -v /usr/local/cmake/share/cmake-3.16/Modules/CMakeCCompilerABI.c -quiet -dumpbase CMakeCCompilerABI.c -mtune=generic -march=x86-64 -auxbase-strip CMakeFiles/cmTC_2556d.dir/CMakeCCompilerABI.c.o -version -o /tmp/cczvrNm1.s
GNU C17 (GCC) version 8.2.0 (x86_64-pc-linux-gnu)
	compiled by GNU C version 8.2.0, GMP version 6.1.2, MPFR version 4.0.1, MPC version 1.1.0, isl version isl-0.18-GMP

GGC heuristics: --param ggc-min-expand=100 --param ggc-min-heapsize=131072
ignoring nonexistent directory "/usr/local/gcc-8.2.0/lib/gcc/x86_64-pc-linux-gnu/8.2.0/../../../../x86_64-pc-linux-gnu/include"
#include "..." search starts here:
#include <...> search starts here:
 /usr/local/gcc-8.2.0/lib/gcc/x86_64-pc-linux-gnu/8.2.0/include
 /usr/local/include
 /usr/local/gcc-8.2.0/include
 /usr/local/gcc-8.2.0/lib/gcc/x86_64-pc-linux-gnu/8.2.0/include-fixed
 /usr/include
End of search list.
GNU C17 (GCC) version 8.2.0 (x86_64-pc-linux-gnu)
	compiled by GNU C version 8.2.0, GMP version 6.1.2, MPFR version 4.0.1, MPC version 1.1.0, isl version isl-0.18-GMP

GGC heuristics: --param ggc-min-expand=100 --param ggc-min-heapsize=131072
Compiler executable checksum: 0d56227199b4586e8d04e53ae7867f89
COLLECT_GCC_OPTIONS='-v' '-o' 'CMakeFiles/cmTC_2556d.dir/CMakeCCompilerABI.c.o' '-c' '-mtune=generic' '-march=x86-64'
 as -v --64 -o CMakeFiles/cmTC_2556d.dir/CMakeCCompilerABI.c.o /tmp/cczvrNm1.s
GNU assembler version 2.27 (x86_64-redhat-linux) using BFD version version 2.27-34.base.el7
COMPILER_PATH=/usr/local/gcc-8.2.0/libexec/gcc/x86_64-pc-linux-gnu/8.2.0/:/usr/local/gcc-8.2.0/libexec/gcc/x86_64-pc-linux-gnu/8.2.0/:/usr/local/gcc-8.2.0/libexec/gcc/x86_64-pc-linux-gnu/:/usr/local/gcc-8.2.0/lib/gcc/x86_64-pc-linux-gnu/8.2.0/:/usr/local/gcc-8.2.0/lib/gcc/x86_64-pc-linux-gnu/
LIBRARY_PATH=/usr/local/gcc-8.2.0/lib/gcc/x86_64-pc-linux-gnu/8.2.0/:/usr/local/gcc-8.2.0/lib/gcc/x86_64-pc-linux-gnu/8.2.0/../../../../lib64/:/lib/../lib64/:/usr/lib/../lib64/:/usr/local/gcc-8.2.0/lib/gcc/x86_64-pc-linux-gnu/8.2.0/../../../:/lib/:/usr/lib/
COLLECT_GCC_OPTIONS='-v' '-o' 'CMakeFiles/cmTC_2556d.dir/CMakeCCompilerABI.c.o' '-c' '-mtune=generic' '-march=x86-64'
Linking C executable cmTC_2556d
/usr/local/cmake/bin/cmake -E cmake_link_script CMakeFiles/cmTC_2556d.dir/link.txt --verbose=1
/usr/local/gcc-8.2.0/bin/gcc     -v -rdynamic CMakeFiles/cmTC_2556d.dir/CMakeCCompilerABI.c.o  -o cmTC_2556d 
Using built-in specs.
COLLECT_GCC=/usr/local/gcc-8.2.0/bin/gcc
COLLECT_LTO_WRAPPER=/usr/local/gcc-8.2.0/libexec/gcc/x86_64-pc-linux-gnu/8.2.0/lto-wrapper
Target: x86_64-pc-linux-gnu
Configured with: ../configure --prefix=/usr/local/gcc-8.2.0 --with-gmp=/usr/local/gmp-6.1.2 --with-mpfr=/usr/local/mpfr-4.0.1 --with-mpc=/usr/local/mpc-1.1.0 --disable-multilib --enable--long-long --enable-threads=posix
Thread model: posix
gcc version 8.2.0 (GCC) 
COMPILER_PATH=/usr/local/gcc-8.2.0/libexec/gcc/x86_64-pc-linux-gnu/8.2.0/:/usr/local/gcc-8.2.0/libexec/gcc/x86_64-pc-linux-gnu/8.2.0/:/usr/local/gcc-8.2.0/libexec/gcc/x86_64-pc-linux-gnu/:/usr/local/gcc-8.2.0/lib/gcc/x86_64-pc-linux-gnu/8.2.0/:/usr/local/gcc-8.2.0/lib/gcc/x86_64-pc-linux-gnu/
LIBRARY_PATH=/usr/local/gcc-8.2.0/lib/gcc/x86_64-pc-linux-gnu/8.2.0/:/usr/local/gcc-8.2.0/lib/gcc/x86_64-pc-linux-gnu/8.2.0/../../../../lib64/:/lib/../lib64/:/usr/lib/../lib64/:/usr/local/gcc-8.2.0/lib/gcc/x86_64-pc-linux-gnu/8.2.0/../../../:/lib/:/usr/lib/
COLLECT_GCC_OPTIONS='-v' '-rdynamic' '-o' 'cmTC_2556d' '-mtune=generic' '-march=x86-64'
 /usr/local/gcc-8.2.0/libexec/gcc/x86_64-pc-linux-gnu/8.2.0/collect2 -plugin /usr/local/gcc-8.2.0/libexec/gcc/x86_64-pc-linux-gnu/8.2.0/liblto_plugin.so -plugin-opt=/usr/local/gcc-8.2.0/libexec/gcc/x86_64-pc-linux-gnu/8.2.0/lto-wrapper -plugin-opt=-fresolution=/tmp/cc1sntF8.res -plugin-opt=-pass-through=-lgcc -plugin-opt=-pass-through=-lgcc_s -plugin-opt=-pass-through=-lc -plugin-opt=-pass-through=-lgcc -plugin-opt=-pass-through=-lgcc_s --eh-frame-hdr -m elf_x86_64 -export-dynamic -dynamic-linker /lib64/ld-linux-x86-64.so.2 -o cmTC_2556d /lib/../lib64/crt1.o /lib/../lib64/crti.o /usr/local/gcc-8.2.0/lib/gcc/x86_64-pc-linux-gnu/8.2.0/crtbegin.o -L/usr/local/gcc-8.2.0/lib/gcc/x86_64-pc-linux-gnu/8.2.0 -L/usr/local/gcc-8.2.0/lib/gcc/x86_64-pc-linux-gnu/8.2.0/../../../../lib64 -L/lib/../lib64 -L/usr/lib/../lib64 -L/usr/local/gcc-8.2.0/lib/gcc/x86_64-pc-linux-gnu/8.2.0/../../.. CMakeFiles/cmTC_2556d.dir/CMakeCCompilerABI.c.o -lgcc --as-needed -lgcc_s --no-as-needed -lc -lgcc --as-needed -lgcc_s --no-as-needed /usr/local/gcc-8.2.0/lib/gcc/x86_64-pc-linux-gnu/8.2.0/crtend.o /lib/../lib64/crtn.o
COLLECT_GCC_OPTIONS='-v' '-rdynamic' '-o' 'cmTC_2556d' '-mtune=generic' '-march=x86-64'
gmake[1]: Leaving directory `/home/cos/cos/third_lib/securec/source/build/CMakeFiles/CMakeTmp'



Parsed C implicit include dir info from above output: rv=done
  found start of include info
  found start of implicit include info
    add: [/usr/local/gcc-8.2.0/lib/gcc/x86_64-pc-linux-gnu/8.2.0/include]
    add: [/usr/local/include]
    add: [/usr/local/gcc-8.2.0/include]
    add: [/usr/local/gcc-8.2.0/lib/gcc/x86_64-pc-linux-gnu/8.2.0/include-fixed]
    add: [/usr/include]
  end of search list found
  collapse include dir [/usr/local/gcc-8.2.0/lib/gcc/x86_64-pc-linux-gnu/8.2.0/include] ==> [/usr/local/gcc-8.2.0/lib/gcc/x86_64-pc-linux-gnu/8.2.0/include]
  collapse include dir [/usr/local/include] ==> [/usr/local/include]
  collapse include dir [/usr/local/gcc-8.2.0/include] ==> [/usr/local/gcc-8.2.0/include]
  collapse include dir [/usr/local/gcc-8.2.0/lib/gcc/x86_64-pc-linux-gnu/8.2.0/include-fixed] ==> [/usr/local/gcc-8.2.0/lib/gcc/x86_64-pc-linux-gnu/8.2.0/include-fixed]
  collapse include dir [/usr/include] ==> [/usr/include]
  implicit include dirs: [/usr/local/gcc-8.2.0/lib/gcc/x86_64-pc-linux-gnu/8.2.0/include;/usr/local/include;/usr/local/gcc-8.2.0/include;/usr/local/gcc-8.2.0/lib/gcc/x86_64-pc-linux-gnu/8.2.0/include-fixed;/usr/include]


Parsed C implicit link information from above output:
  link line regex: [^( *|.*[/\])(ld|CMAKE_LINK_STARTFILE-NOTFOUND|([^/\]+-)?ld|collect2)[^/\]*( |$)]
  ignore line: [Change Dir: /home/cos/cos/third_lib/securec/source/build/CMakeFiles/CMakeTmp]
  ignore line: []
  ignore line: [Run Build Command(s):/bin/gmake cmTC_2556d/fast && /bin/gmake  -f CMakeFiles/cmTC_2556d.dir/build.make CMakeFiles/cmTC_2556d.dir/build]
  ignore line: [gmake[1]: Entering directory `/home/cos/cos/third_lib/securec/source/build/CMakeFiles/CMakeTmp']
  ignore line: [Building C object CMakeFiles/cmTC_2556d.dir/CMakeCCompilerABI.c.o]
  ignore line: [/usr/local/gcc-8.2.0/bin/gcc   -v -o CMakeFiles/cmTC_2556d.dir/CMakeCCompilerABI.c.o   -c /usr/local/cmake/share/cmake-3.16/Modules/CMakeCCompilerABI.c]
  ignore line: [Using built-in specs.]
  ignore line: [COLLECT_GCC=/usr/local/gcc-8.2.0/bin/gcc]
  ignore line: [Target: x86_64-pc-linux-gnu]
  ignore line: [Configured with: ../configure --prefix=/usr/local/gcc-8.2.0 --with-gmp=/usr/local/gmp-6.1.2 --with-mpfr=/usr/local/mpfr-4.0.1 --with-mpc=/usr/local/mpc-1.1.0 --disable-multilib --enable--long-long --enable-threads=posix]
  ignore line: [Thread model: posix]
  ignore line: [gcc version 8.2.0 (GCC) ]
  ignore line: [COLLECT_GCC_OPTIONS='-v' '-o' 'CMakeFiles/cmTC_2556d.dir/CMakeCCompilerABI.c.o' '-c' '-mtune=generic' '-march=x86-64']
  ignore line: [ /usr/local/gcc-8.2.0/libexec/gcc/x86_64-pc-linux-gnu/8.2.0/cc1 -quiet -v /usr/local/cmake/share/cmake-3.16/Modules/CMakeCCompilerABI.c -quiet -dumpbase CMakeCCompilerABI.c -mtune=generic -march=x86-64 -auxbase-strip CMakeFiles/cmTC_2556d.dir/CMakeCCompilerABI.c.o -version -o /tmp/cczvrNm1.s]
  ignore line: [GNU C17 (GCC) version 8.2.0 (x86_64-pc-linux-gnu)]
  ignore line: [	compiled by GNU C version 8.2.0  GMP version 6.1.2  MPFR version 4.0.1  MPC version 1.1.0  isl version isl-0.18-GMP]
  ignore line: []
  ignore line: [GGC heuristics: --param ggc-min-expand=100 --param ggc-min-heapsize=131072]
  ignore line: [ignoring nonexistent directory "/usr/local/gcc-8.2.0/lib/gcc/x86_64-pc-linux-gnu/8.2.0/../../../../x86_64-pc-linux-gnu/include"]
  ignore line: [#include "..." search starts here:]
  ignore line: [#include <...> search starts here:]
  ignore line: [ /usr/local/gcc-8.2.0/lib/gcc/x86_64-pc-linux-gnu/8.2.0/include]
  ignore line: [ /usr/local/include]
  ignore line: [ /usr/local/gcc-8.2.0/include]
  ignore line: [ /usr/local/gcc-8.2.0/lib/gcc/x86_64-pc-linux-gnu/8.2.0/include-fixed]
  ignore line: [ /usr/include]
  ignore line: [End of search list.]
  ignore line: [GNU C17 (GCC) version 8.2.0 (x86_64-pc-linux-gnu)]
  ignore line: [	compiled by GNU C version 8.2.0  GMP version 6.1.2  MPFR version 4.0.1  MPC version 1.1.0  isl version isl-0.18-GMP]
  ignore line: []
  ignore line: [GGC heuristics: --param ggc-min-expand=100 --param ggc-min-heapsize=131072]
  ignore line: [Compiler executable checksum: 0d56227199b4586e8d04e53ae7867f89]
  ignore line: [COLLECT_GCC_OPTIONS='-v' '-o' 'CMakeFiles/cmTC_2556d.dir/CMakeCCompilerABI.c.o' '-c' '-mtune=generic' '-march=x86-64']
  ignore line: [ as -v --64 -o CMakeFiles/cmTC_2556d.dir/CMakeCCompilerABI.c.o /tmp/cczvrNm1.s]
  ignore line: [GNU assembler version 2.27 (x86_64-redhat-linux) using BFD version version 2.27-34.base.el7]
  ignore line: [COMPILER_PATH=/usr/local/gcc-8.2.0/libexec/gcc/x86_64-pc-linux-gnu/8.2.0/:/usr/local/gcc-8.2.0/libexec/gcc/x86_64-pc-linux-gnu/8.2.0/:/usr/local/gcc-8.2.0/libexec/gcc/x86_64-pc-linux-gnu/:/usr/local/gcc-8.2.0/lib/gcc/x86_64-pc-linux-gnu/8.2.0/:/usr/local/gcc-8.2.0/lib/gcc/x86_64-pc-linux-gnu/]
  ignore line: [LIBRARY_PATH=/usr/local/gcc-8.2.0/lib/gcc/x86_64-pc-linux-gnu/8.2.0/:/usr/local/gcc-8.2.0/lib/gcc/x86_64-pc-linux-gnu/8.2.0/../../../../lib64/:/lib/../lib64/:/usr/lib/../lib64/:/usr/local/gcc-8.2.0/lib/gcc/x86_64-pc-linux-gnu/8.2.0/../../../:/lib/:/usr/lib/]
  ignore line: [COLLECT_GCC_OPTIONS='-v' '-o' 'CMakeFiles/cmTC_2556d.dir/CMakeCCompilerABI.c.o' '-c' '-mtune=generic' '-march=x86-64']
  ignore line: [Linking C executable cmTC_2556d]
  ignore line: [/usr/local/cmake/bin/cmake -E cmake_link_script CMakeFiles/cmTC_2556d.dir/link.txt --verbose=1]
  ignore line: [/usr/local/gcc-8.2.0/bin/gcc     -v -rdynamic CMakeFiles/cmTC_2556d.dir/CMakeCCompilerABI.c.o  -o cmTC_2556d ]
  ignore line: [Using built-in specs.]
  ignore line: [COLLECT_GCC=/usr/local/gcc-8.2.0/bin/gcc]
  ignore line: [COLLECT_LTO_WRAPPER=/usr/local/gcc-8.2.0/libexec/gcc/x86_64-pc-linux-gnu/8.2.0/lto-wrapper]
  ignore line: [Target: x86_64-pc-linux-gnu]
  ignore line: [Configured with: ../configure --prefix=/usr/local/gcc-8.2.0 --with-gmp=/usr/local/gmp-6.1.2 --with-mpfr=/usr/local/mpfr-4.0.1 --with-mpc=/usr/local/mpc-1.1.0 --disable-multilib --enable--long-long --enable-threads=posix]
  ignore line: [Thread model: posix]
  ignore line: [gcc version 8.2.0 (GCC) ]
  ignore line: [COMPILER_PATH=/usr/local/gcc-8.2.0/libexec/gcc/x86_64-pc-linux-gnu/8.2.0/:/usr/local/gcc-8.2.0/libexec/gcc/x86_64-pc-linux-gnu/8.2.0/:/usr/local/gcc-8.2.0/libexec/gcc/x86_64-pc-linux-gnu/:/usr/local/gcc-8.2.0/lib/gcc/x86_64-pc-linux-gnu/8.2.0/:/usr/local/gcc-8.2.0/lib/gcc/x86_64-pc-linux-gnu/]
  ignore line: [LIBRARY_PATH=/usr/local/gcc-8.2.0/lib/gcc/x86_64-pc-linux-gnu/8.2.0/:/usr/local/gcc-8.2.0/lib/gcc/x86_64-pc-linux-gnu/8.2.0/../../../../lib64/:/lib/../lib64/:/usr/lib/../lib64/:/usr/local/gcc-8.2.0/lib/gcc/x86_64-pc-linux-gnu/8.2.0/../../../:/lib/:/usr/lib/]
  ignore line: [COLLECT_GCC_OPTIONS='-v' '-rdynamic' '-o' 'cmTC_2556d' '-mtune=generic' '-march=x86-64']
  link line: [ /usr/local/gcc-8.2.0/libexec/gcc/x86_64-pc-linux-gnu/8.2.0/collect2 -plugin /usr/local/gcc-8.2.0/libexec/gcc/x86_64-pc-linux-gnu/8.2.0/liblto_plugin.so -plugin-opt=/usr/local/gcc-8.2.0/libexec/gcc/x86_64-pc-linux-gnu/8.2.0/lto-wrapper -plugin-opt=-fresolution=/tmp/cc1sntF8.res -plugin-opt=-pass-through=-lgcc -plugin-opt=-pass-through=-lgcc_s -plugin-opt=-pass-through=-lc -plugin-opt=-pass-through=-lgcc -plugin-opt=-pass-through=-lgcc_s --eh-frame-hdr -m elf_x86_64 -export-dynamic -dynamic-linker /lib64/ld-linux-x86-64.so.2 -o cmTC_2556d /lib/../lib64/crt1.o /lib/../lib64/crti.o /usr/local/gcc-8.2.0/lib/gcc/x86_64-pc-linux-gnu/8.2.0/crtbegin.o -L/usr/local/gcc-8.2.0/lib/gcc/x86_64-pc-linux-gnu/8.2.0 -L/usr/local/gcc-8.2.0/lib/gcc/x86_64-pc-linux-gnu/8.2.0/../../../../lib64 -L/lib/../lib64 -L/usr/lib/../lib64 -L/usr/local/gcc-8.2.0/lib/gcc/x86_64-pc-linux-gnu/8.2.0/../../.. CMakeFiles/cmTC_2556d.dir/CMakeCCompilerABI.c.o -lgcc --as-needed -lgcc_s --no-as-needed -lc -lgcc --as-needed -lgcc_s --no-as-needed /usr/local/gcc-8.2.0/lib/gcc/x86_64-pc-linux-gnu/8.2.0/crtend.o /lib/../lib64/crtn.o]
    arg [/usr/local/gcc-8.2.0/libexec/gcc/x86_64-pc-linux-gnu/8.2.0/collect2] ==> ignore
    arg [-plugin] ==> ignore
    arg [/usr/local/gcc-8.2.0/libexec/gcc/x86_64-pc-linux-gnu/8.2.0/liblto_plugin.so] ==> ignore
    arg [-plugin-opt=/usr/local/gcc-8.2.0/libexec/gcc/x86_64-pc-linux-gnu/8.2.0/lto-wrapper] ==> ignore
    arg [-plugin-opt=-fresolution=/tmp/cc1sntF8.res] ==> ignore
    arg [-plugin-opt=-pass-through=-lgcc] ==> ignore
    arg [-plugin-opt=-pass-through=-lgcc_s] ==> ignore
    arg [-plugin-opt=-pass-through=-lc] ==> ignore
    arg [-plugin-opt=-pass-through=-lgcc] ==> ignore
    arg [-plugin-opt=-pass-through=-lgcc_s] ==> ignore
    arg [--eh-frame-hdr] ==> ignore
    arg [-m] ==> ignore
    arg [elf_x86_64] ==> ignore
    arg [-export-dynamic] ==> ignore
    arg [-dynamic-linker] ==> ignore
    arg [/lib64/ld-linux-x86-64.so.2] ==> ignore
    arg [-o] ==> ignore
    arg [cmTC_2556d] ==> ignore
    arg [/lib/../lib64/crt1.o] ==> ignore
    arg [/lib/../lib64/crti.o] ==> ignore
    arg [/usr/local/gcc-8.2.0/lib/gcc/x86_64-pc-linux-gnu/8.2.0/crtbegin.o] ==> ignore
    arg [-L/usr/local/gcc-8.2.0/lib/gcc/x86_64-pc-linux-gnu/8.2.0] ==> dir [/usr/local/gcc-8.2.0/lib/gcc/x86_64-pc-linux-gnu/8.2.0]
    arg [-L/usr/local/gcc-8.2.0/lib/gcc/x86_64-pc-linux-gnu/8.2.0/../../../../lib64] ==> dir [/usr/local/gcc-8.2.0/lib/gcc/x86_64-pc-linux-gnu/8.2.0/../../../../lib64]
    arg [-L/lib/../lib64] ==> dir [/lib/../lib64]
    arg [-L/usr/lib/../lib64] ==> dir [/usr/lib/../lib64]
    arg [-L/usr/local/gcc-8.2.0/lib/gcc/x86_64-pc-linux-gnu/8.2.0/../../..] ==> dir [/usr/local/gcc-8.2.0/lib/gcc/x86_64-pc-linux-gnu/8.2.0/../../..]
    arg [CMakeFiles/cmTC_2556d.dir/CMakeCCompilerABI.c.o] ==> ignore
    arg [-lgcc] ==> lib [gcc]
    arg [--as-needed] ==> ignore
    arg [-lgcc_s] ==> lib [gcc_s]
    arg [--no-as-needed] ==> ignore
    arg [-lc] ==> lib [c]
    arg [-lgcc] ==> lib [gcc]
    arg [--as-needed] ==> ignore
    arg [-lgcc_s] ==> lib [gcc_s]
    arg [--no-as-needed] ==> ignore
    arg [/usr/local/gcc-8.2.0/lib/gcc/x86_64-pc-linux-gnu/8.2.0/crtend.o] ==> ignore
    arg [/lib/../lib64/crtn.o] ==> ignore
  collapse library dir [/usr/local/gcc-8.2.0/lib/gcc/x86_64-pc-linux-gnu/8.2.0] ==> [/usr/local/gcc-8.2.0/lib/gcc/x86_64-pc-linux-gnu/8.2.0]
  collapse library dir [/usr/local/gcc-8.2.0/lib/gcc/x86_64-pc-linux-gnu/8.2.0/../../../../lib64] ==> [/usr/local/gcc-8.2.0/lib64]
  collapse library dir [/lib/../lib64] ==> [/lib64]
  collapse library dir [/usr/lib/../lib64] ==> [/usr/lib64]
  collapse library dir [/usr/local/gcc-8.2.0/lib/gcc/x86_64-pc-linux-gnu/8.2.0/../../..] ==> [/usr/local/gcc-8.2.0/lib]
  implicit libs: [gcc;gcc_s;c;gcc;gcc_s]
  implicit dirs: [/usr/local/gcc-8.2.0/lib/gcc/x86_64-pc-linux-gnu/8.2.0;/usr/local/gcc-8.2.0/lib64;/lib64;/usr/lib64;/usr/local/gcc-8.2.0/lib]
  implicit fwks: []


Determining if the CXX compiler works passed with the following output:
Change Dir: /home/cos/cos/third_lib/securec/source/build/CMakeFiles/CMakeTmp

Run Build Command(s):/bin/gmake cmTC_85504/fast && /bin/gmake  -f CMakeFiles/cmTC_85504.dir/build.make CMakeFiles/cmTC_85504.dir/build
gmake[1]: Entering directory `/home/cos/cos/third_lib/securec/source/build/CMakeFiles/CMakeTmp'
Building CXX object CMakeFiles/cmTC_85504.dir/testCXXCompiler.cxx.o
/usr/local/gcc-8.2.0/bin/g++     -o CMakeFiles/cmTC_85504.dir/testCXXCompiler.cxx.o -c /home/cos/cos/third_lib/securec/source/build/CMakeFiles/CMakeTmp/testCXXCompiler.cxx
Linking CXX executable cmTC_85504
/usr/local/cmake/bin/cmake -E cmake_link_script CMakeFiles/cmTC_85504.dir/link.txt --verbose=1
/usr/local/gcc-8.2.0/bin/g++       -rdynamic CMakeFiles/cmTC_85504.dir/testCXXCompiler.cxx.o  -o cmTC_85504 
gmake[1]: Leaving directory `/home/cos/cos/third_lib/securec/source/build/CMakeFiles/CMakeTmp'



Detecting CXX compiler ABI info compiled with the following output:
Change Dir: /home/cos/cos/third_lib/securec/source/build/CMakeFiles/CMakeTmp

Run Build Command(s):/bin/gmake cmTC_45ca5/fast && /bin/gmake  -f CMakeFiles/cmTC_45ca5.dir/build.make CMakeFiles/cmTC_45ca5.dir/build
gmake[1]: Entering directory `/home/cos/cos/third_lib/securec/source/build/CMakeFiles/CMakeTmp'
Building CXX object CMakeFiles/cmTC_45ca5.dir/CMakeCXXCompilerABI.cpp.o
/usr/local/gcc-8.2.0/bin/g++    -v -o CMakeFiles/cmTC_45ca5.dir/CMakeCXXCompilerABI.cpp.o -c /usr/local/cmake/share/cmake-3.16/Modules/CMakeCXXCompilerABI.cpp
Using built-in specs.
COLLECT_GCC=/usr/local/gcc-8.2.0/bin/g++
Target: x86_64-pc-linux-gnu
Configured with: ../configure --prefix=/usr/local/gcc-8.2.0 --with-gmp=/usr/local/gmp-6.1.2 --with-mpfr=/usr/local/mpfr-4.0.1 --with-mpc=/usr/local/mpc-1.1.0 --disable-multilib --enable--long-long --enable-threads=posix
Thread model: posix
gcc version 8.2.0 (GCC) 
COLLECT_GCC_OPTIONS='-v' '-o' 'CMakeFiles/cmTC_45ca5.dir/CMakeCXXCompilerABI.cpp.o' '-c' '-shared-libgcc' '-mtune=generic' '-march=x86-64'
 /usr/local/gcc-8.2.0/libexec/gcc/x86_64-pc-linux-gnu/8.2.0/cc1plus -quiet -v -D_GNU_SOURCE /usr/local/cmake/share/cmake-3.16/Modules/CMakeCXXCompilerABI.cpp -quiet -dumpbase CMakeCXXCompilerABI.cpp -mtune=generic -march=x86-64 -auxbase-strip CMakeFiles/cmTC_45ca5.dir/CMakeCXXCompilerABI.cpp.o -version -o /tmp/ccjre94m.s
GNU C++14 (GCC) version 8.2.0 (x86_64-pc-linux-gnu)
	compiled by GNU C version 8.2.0, GMP version 6.1.2, MPFR version 4.0.1, MPC version 1.1.0, isl version isl-0.18-GMP

GGC heuristics: --param ggc-min-expand=100 --param ggc-min-heapsize=131072
ignoring nonexistent directory "/usr/local/gcc-8.2.0/lib/gcc/x86_64-pc-linux-gnu/8.2.0/../../../../x86_64-pc-linux-gnu/include"
#include "..." search starts here:
#include <...> search starts here:
 /usr/local/gcc-8.2.0/lib/gcc/x86_64-pc-linux-gnu/8.2.0/../../../../include/c++/8.2.0
 /usr/local/gcc-8.2.0/lib/gcc/x86_64-pc-linux-gnu/8.2.0/../../../../include/c++/8.2.0/x86_64-pc-linux-gnu
 /usr/local/gcc-8.2.0/lib/gcc/x86_64-pc-linux-gnu/8.2.0/../../../../include/c++/8.2.0/backward
 /usr/local/gcc-8.2.0/lib/gcc/x86_64-pc-linux-gnu/8.2.0/include
 /usr/local/include
 /usr/local/gcc-8.2.0/include
 /usr/local/gcc-8.2.0/lib/gcc/x86_64-pc-linux-gnu/8.2.0/include-fixed
 /usr/include
End of search list.
GNU C++14 (GCC) version 8.2.0 (x86_64-pc-linux-gnu)
	compiled by GNU C version 8.2.0, GMP version 6.1.2, MPFR version 4.0.1, MPC version 1.1.0, isl version isl-0.18-GMP

GGC heuristics: --param ggc-min-expand=100 --param ggc-min-heapsize=131072
Compiler executable checksum: 577a318888054a21689bf467104f22c6
COLLECT_GCC_OPTIONS='-v' '-o' 'CMakeFiles/cmTC_45ca5.dir/CMakeCXXCompilerABI.cpp.o' '-c' '-shared-libgcc' '-mtune=generic' '-march=x86-64'
 as -v --64 -o CMakeFiles/cmTC_45ca5.dir/CMakeCXXCompilerABI.cpp.o /tmp/ccjre94m.s
GNU assembler version 2.27 (x86_64-redhat-linux) using BFD version version 2.27-34.base.el7
COMPILER_PATH=/usr/local/gcc-8.2.0/libexec/gcc/x86_64-pc-linux-gnu/8.2.0/:/usr/local/gcc-8.2.0/libexec/gcc/x86_64-pc-linux-gnu/8.2.0/:/usr/local/gcc-8.2.0/libexec/gcc/x86_64-pc-linux-gnu/:/usr/local/gcc-8.2.0/lib/gcc/x86_64-pc-linux-gnu/8.2.0/:/usr/local/gcc-8.2.0/lib/gcc/x86_64-pc-linux-gnu/
LIBRARY_PATH=/usr/local/gcc-8.2.0/lib/gcc/x86_64-pc-linux-gnu/8.2.0/:/usr/local/gcc-8.2.0/lib/gcc/x86_64-pc-linux-gnu/8.2.0/../../../../lib64/:/lib/../lib64/:/usr/lib/../lib64/:/usr/local/gcc-8.2.0/lib/gcc/x86_64-pc-linux-gnu/8.2.0/../../../:/lib/:/usr/lib/
COLLECT_GCC_OPTIONS='-v' '-o' 'CMakeFiles/cmTC_45ca5.dir/CMakeCXXCompilerABI.cpp.o' '-c' '-shared-libgcc' '-mtune=generic' '-march=x86-64'
Linking CXX executable cmTC_45ca5
/usr/local/cmake/bin/cmake -E cmake_link_script CMakeFiles/cmTC_45ca5.dir/link.txt --verbose=1
/usr/local/gcc-8.2.0/bin/g++      -v -rdynamic CMakeFiles/cmTC_45ca5.dir/CMakeCXXCompilerABI.cpp.o  -o cmTC_45ca5 
Using built-in specs.
COLLECT_GCC=/usr/local/gcc-8.2.0/bin/g++
COLLECT_LTO_WRAPPER=/usr/local/gcc-8.2.0/libexec/gcc/x86_64-pc-linux-gnu/8.2.0/lto-wrapper
Target: x86_64-pc-linux-gnu
Configured with: ../configure --prefix=/usr/local/gcc-8.2.0 --with-gmp=/usr/local/gmp-6.1.2 --with-mpfr=/usr/local/mpfr-4.0.1 --with-mpc=/usr/local/mpc-1.1.0 --disable-multilib --enable--long-long --enable-threads=posix
Thread model: posix
gcc version 8.2.0 (GCC) 
COMPILER_PATH=/usr/local/gcc-8.2.0/libexec/gcc/x86_64-pc-linux-gnu/8.2.0/:/usr/local/gcc-8.2.0/libexec/gcc/x86_64-pc-linux-gnu/8.2.0/:/usr/local/gcc-8.2.0/libexec/gcc/x86_64-pc-linux-gnu/:/usr/local/gcc-8.2.0/lib/gcc/x86_64-pc-linux-gnu/8.2.0/:/usr/local/gcc-8.2.0/lib/gcc/x86_64-pc-linux-gnu/
LIBRARY_PATH=/usr/local/gcc-8.2.0/lib/gcc/x86_64-pc-linux-gnu/8.2.0/:/usr/local/gcc-8.2.0/lib/gcc/x86_64-pc-linux-gnu/8.2.0/../../../../lib64/:/lib/../lib64/:/usr/lib/../lib64/:/usr/local/gcc-8.2.0/lib/gcc/x86_64-pc-linux-gnu/8.2.0/../../../:/lib/:/usr/lib/
COLLECT_GCC_OPTIONS='-v' '-rdynamic' '-o' 'cmTC_45ca5' '-shared-libgcc' '-mtune=generic' '-march=x86-64'
 /usr/local/gcc-8.2.0/libexec/gcc/x86_64-pc-linux-gnu/8.2.0/collect2 -plugin /usr/local/gcc-8.2.0/libexec/gcc/x86_64-pc-linux-gnu/8.2.0/liblto_plugin.so -plugin-opt=/usr/local/gcc-8.2.0/libexec/gcc/x86_64-pc-linux-gnu/8.2.0/lto-wrapper -plugin-opt=-fresolution=/tmp/ccpfzrVl.res -plugin-opt=-pass-through=-lgcc_s -plugin-opt=-pass-through=-lgcc -plugin-opt=-pass-through=-lc -plugin-opt=-pass-through=-lgcc_s -plugin-opt=-pass-through=-lgcc --eh-frame-hdr -m elf_x86_64 -export-dynamic -dynamic-linker /lib64/ld-linux-x86-64.so.2 -o cmTC_45ca5 /lib/../lib64/crt1.o /lib/../lib64/crti.o /usr/local/gcc-8.2.0/lib/gcc/x86_64-pc-linux-gnu/8.2.0/crtbegin.o -L/usr/local/gcc-8.2.0/lib/gcc/x86_64-pc-linux-gnu/8.2.0 -L/usr/local/gcc-8.2.0/lib/gcc/x86_64-pc-linux-gnu/8.2.0/../../../../lib64 -L/lib/../lib64 -L/usr/lib/../lib64 -L/usr/local/gcc-8.2.0/lib/gcc/x86_64-pc-linux-gnu/8.2.0/../../.. CMakeFiles/cmTC_45ca5.dir/CMakeCXXCompilerABI.cpp.o -lstdc++ -lm -lgcc_s -lgcc -lc -lgcc_s -lgcc /usr/local/gcc-8.2.0/lib/gcc/x86_64-pc-linux-gnu/8.2.0/crtend.o /lib/../lib64/crtn.o
COLLECT_GCC_OPTIONS='-v' '-rdynamic' '-o' 'cmTC_45ca5' '-shared-libgcc' '-mtune=generic' '-march=x86-64'
gmake[1]: Leaving directory `/home/cos/cos/third_lib/securec/source/build/CMakeFiles/CMakeTmp'



Parsed CXX implicit include dir info from above output: rv=done
  found start of include info
  found start of implicit include info
    add: [/usr/local/gcc-8.2.0/lib/gcc/x86_64-pc-linux-gnu/8.2.0/../../../../include/c++/8.2.0]
    add: [/usr/local/gcc-8.2.0/lib/gcc/x86_64-pc-linux-gnu/8.2.0/../../../../include/c++/8.2.0/x86_64-pc-linux-gnu]
    add: [/usr/local/gcc-8.2.0/lib/gcc/x86_64-pc-linux-gnu/8.2.0/../../../../include/c++/8.2.0/backward]
    add: [/usr/local/gcc-8.2.0/lib/gcc/x86_64-pc-linux-gnu/8.2.0/include]
    add: [/usr/local/include]
    add: [/usr/local/gcc-8.2.0/include]
    add: [/usr/local/gcc-8.2.0/lib/gcc/x86_64-pc-linux-gnu/8.2.0/include-fixed]
    add: [/usr/include]
  end of search list found
  collapse include dir [/usr/local/gcc-8.2.0/lib/gcc/x86_64-pc-linux-gnu/8.2.0/../../../../include/c++/8.2.0] ==> [/usr/local/gcc-8.2.0/include/c++/8.2.0]
  collapse include dir [/usr/local/gcc-8.2.0/lib/gcc/x86_64-pc-linux-gnu/8.2.0/../../../../include/c++/8.2.0/x86_64-pc-linux-gnu] ==> [/usr/local/gcc-8.2.0/include/c++/8.2.0/x86_64-pc-linux-gnu]
  collapse include dir [/usr/local/gcc-8.2.0/lib/gcc/x86_64-pc-linux-gnu/8.2.0/../../../../include/c++/8.2.0/backward] ==> [/usr/local/gcc-8.2.0/include/c++/8.2.0/backward]
  collapse include dir [/usr/local/gcc-8.2.0/lib/gcc/x86_64-pc-linux-gnu/8.2.0/include] ==> [/usr/local/gcc-8.2.0/lib/gcc/x86_64-pc-linux-gnu/8.2.0/include]
  collapse include dir [/usr/local/include] ==> [/usr/local/include]
  collapse include dir [/usr/local/gcc-8.2.0/include] ==> [/usr/local/gcc-8.2.0/include]
  collapse include dir [/usr/local/gcc-8.2.0/lib/gcc/x86_64-pc-linux-gnu/8.2.0/include-fixed] ==> [/usr/local/gcc-8.2.0/lib/gcc/x86_64-pc-linux-gnu/8.2.0/include-fixed]
  collapse include dir [/usr/include] ==> [/usr/include]
  implicit include dirs: [/usr/local/gcc-8.2.0/include/c++/8.2.0;/usr/local/gcc-8.2.0/include/c++/8.2.0/x86_64-pc-linux-gnu;/usr/local/gcc-8.2.0/include/c++/8.2.0/backward;/usr/local/gcc-8.2.0/lib/gcc/x86_64-pc-linux-gnu/8.2.0/include;/usr/local/include;/usr/local/gcc-8.2.0/include;/usr/local/gcc-8.2.0/lib/gcc/x86_64-pc-linux-gnu/8.2.0/include-fixed;/usr/include]


Parsed CXX implicit link information from above output:
  link line regex: [^( *|.*[/\])(ld|CMAKE_LINK_STARTFILE-NOTFOUND|([^/\]+-)?ld|collect2)[^/\]*( |$)]
  ignore line: [Change Dir: /home/cos/cos/third_lib/securec/source/build/CMakeFiles/CMakeTmp]
  ignore line: []
  ignore line: [Run Build Command(s):/bin/gmake cmTC_45ca5/fast && /bin/gmake  -f CMakeFiles/cmTC_45ca5.dir/build.make CMakeFiles/cmTC_45ca5.dir/build]
  ignore line: [gmake[1]: Entering directory `/home/cos/cos/third_lib/securec/source/build/CMakeFiles/CMakeTmp']
  ignore line: [Building CXX object CMakeFiles/cmTC_45ca5.dir/CMakeCXXCompilerABI.cpp.o]
  ignore line: [/usr/local/gcc-8.2.0/bin/g++    -v -o CMakeFiles/cmTC_45ca5.dir/CMakeCXXCompilerABI.cpp.o -c /usr/local/cmake/share/cmake-3.16/Modules/CMakeCXXCompilerABI.cpp]
  ignore line: [Using built-in specs.]
  ignore line: [COLLECT_GCC=/usr/local/gcc-8.2.0/bin/g++]
  ignore line: [Target: x86_64-pc-linux-gnu]
  ignore line: [Configured with: ../configure --prefix=/usr/local/gcc-8.2.0 --with-gmp=/usr/local/gmp-6.1.2 --with-mpfr=/usr/local/mpfr-4.0.1 --with-mpc=/usr/local/mpc-1.1.0 --disable-multilib --enable--long-long --enable-threads=posix]
  ignore line: [Thread model: posix]
  ignore line: [gcc version 8.2.0 (GCC) ]
  ignore line: [COLLECT_GCC_OPTIONS='-v' '-o' 'CMakeFiles/cmTC_45ca5.dir/CMakeCXXCompilerABI.cpp.o' '-c' '-shared-libgcc' '-mtune=generic' '-march=x86-64']
  ignore line: [ /usr/local/gcc-8.2.0/libexec/gcc/x86_64-pc-linux-gnu/8.2.0/cc1plus -quiet -v -D_GNU_SOURCE /usr/local/cmake/share/cmake-3.16/Modules/CMakeCXXCompilerABI.cpp -quiet -dumpbase CMakeCXXCompilerABI.cpp -mtune=generic -march=x86-64 -auxbase-strip CMakeFiles/cmTC_45ca5.dir/CMakeCXXCompilerABI.cpp.o -version -o /tmp/ccjre94m.s]
  ignore line: [GNU C++14 (GCC) version 8.2.0 (x86_64-pc-linux-gnu)]
  ignore line: [	compiled by GNU C version 8.2.0  GMP version 6.1.2  MPFR version 4.0.1  MPC version 1.1.0  isl version isl-0.18-GMP]
  ignore line: []
  ignore line: [GGC heuristics: --param ggc-min-expand=100 --param ggc-min-heapsize=131072]
  ignore line: [ignoring nonexistent directory "/usr/local/gcc-8.2.0/lib/gcc/x86_64-pc-linux-gnu/8.2.0/../../../../x86_64-pc-linux-gnu/include"]
  ignore line: [#include "..." search starts here:]
  ignore line: [#include <...> search starts here:]
  ignore line: [ /usr/local/gcc-8.2.0/lib/gcc/x86_64-pc-linux-gnu/8.2.0/../../../../include/c++/8.2.0]
  ignore line: [ /usr/local/gcc-8.2.0/lib/gcc/x86_64-pc-linux-gnu/8.2.0/../../../../include/c++/8.2.0/x86_64-pc-linux-gnu]
  ignore line: [ /usr/local/gcc-8.2.0/lib/gcc/x86_64-pc-linux-gnu/8.2.0/../../../../include/c++/8.2.0/backward]
  ignore line: [ /usr/local/gcc-8.2.0/lib/gcc/x86_64-pc-linux-gnu/8.2.0/include]
  ignore line: [ /usr/local/include]
  ignore line: [ /usr/local/gcc-8.2.0/include]
  ignore line: [ /usr/local/gcc-8.2.0/lib/gcc/x86_64-pc-linux-gnu/8.2.0/include-fixed]
  ignore line: [ /usr/include]
  ignore line: [End of search list.]
  ignore line: [GNU C++14 (GCC) version 8.2.0 (x86_64-pc-linux-gnu)]
  ignore line: [	compiled by GNU C version 8.2.0  GMP version 6.1.2  MPFR version 4.0.1  MPC version 1.1.0  isl version isl-0.18-GMP]
  ignore line: []
  ignore line: [GGC heuristics: --param ggc-min-expand=100 --param ggc-min-heapsize=131072]
  ignore line: [Compiler executable checksum: 577a318888054a21689bf467104f22c6]
  ignore line: [COLLECT_GCC_OPTIONS='-v' '-o' 'CMakeFiles/cmTC_45ca5.dir/CMakeCXXCompilerABI.cpp.o' '-c' '-shared-libgcc' '-mtune=generic' '-march=x86-64']
  ignore line: [ as -v --64 -o CMakeFiles/cmTC_45ca5.dir/CMakeCXXCompilerABI.cpp.o /tmp/ccjre94m.s]
  ignore line: [GNU assembler version 2.27 (x86_64-redhat-linux) using BFD version version 2.27-34.base.el7]
  ignore line: [COMPILER_PATH=/usr/local/gcc-8.2.0/libexec/gcc/x86_64-pc-linux-gnu/8.2.0/:/usr/local/gcc-8.2.0/libexec/gcc/x86_64-pc-linux-gnu/8.2.0/:/usr/local/gcc-8.2.0/libexec/gcc/x86_64-pc-linux-gnu/:/usr/local/gcc-8.2.0/lib/gcc/x86_64-pc-linux-gnu/8.2.0/:/usr/local/gcc-8.2.0/lib/gcc/x86_64-pc-linux-gnu/]
  ignore line: [LIBRARY_PATH=/usr/local/gcc-8.2.0/lib/gcc/x86_64-pc-linux-gnu/8.2.0/:/usr/local/gcc-8.2.0/lib/gcc/x86_64-pc-linux-gnu/8.2.0/../../../../lib64/:/lib/../lib64/:/usr/lib/../lib64/:/usr/local/gcc-8.2.0/lib/gcc/x86_64-pc-linux-gnu/8.2.0/../../../:/lib/:/usr/lib/]
  ignore line: [COLLECT_GCC_OPTIONS='-v' '-o' 'CMakeFiles/cmTC_45ca5.dir/CMakeCXXCompilerABI.cpp.o' '-c' '-shared-libgcc' '-mtune=generic' '-march=x86-64']
  ignore line: [Linking CXX executable cmTC_45ca5]
  ignore line: [/usr/local/cmake/bin/cmake -E cmake_link_script CMakeFiles/cmTC_45ca5.dir/link.txt --verbose=1]
  ignore line: [/usr/local/gcc-8.2.0/bin/g++      -v -rdynamic CMakeFiles/cmTC_45ca5.dir/CMakeCXXCompilerABI.cpp.o  -o cmTC_45ca5 ]
  ignore line: [Using built-in specs.]
  ignore line: [COLLECT_GCC=/usr/local/gcc-8.2.0/bin/g++]
  ignore line: [COLLECT_LTO_WRAPPER=/usr/local/gcc-8.2.0/libexec/gcc/x86_64-pc-linux-gnu/8.2.0/lto-wrapper]
  ignore line: [Target: x86_64-pc-linux-gnu]
  ignore line: [Configured with: ../configure --prefix=/usr/local/gcc-8.2.0 --with-gmp=/usr/local/gmp-6.1.2 --with-mpfr=/usr/local/mpfr-4.0.1 --with-mpc=/usr/local/mpc-1.1.0 --disable-multilib --enable--long-long --enable-threads=posix]
  ignore line: [Thread model: posix]
  ignore line: [gcc version 8.2.0 (GCC) ]
  ignore line: [COMPILER_PATH=/usr/local/gcc-8.2.0/libexec/gcc/x86_64-pc-linux-gnu/8.2.0/:/usr/local/gcc-8.2.0/libexec/gcc/x86_64-pc-linux-gnu/8.2.0/:/usr/local/gcc-8.2.0/libexec/gcc/x86_64-pc-linux-gnu/:/usr/local/gcc-8.2.0/lib/gcc/x86_64-pc-linux-gnu/8.2.0/:/usr/local/gcc-8.2.0/lib/gcc/x86_64-pc-linux-gnu/]
  ignore line: [LIBRARY_PATH=/usr/local/gcc-8.2.0/lib/gcc/x86_64-pc-linux-gnu/8.2.0/:/usr/local/gcc-8.2.0/lib/gcc/x86_64-pc-linux-gnu/8.2.0/../../../../lib64/:/lib/../lib64/:/usr/lib/../lib64/:/usr/local/gcc-8.2.0/lib/gcc/x86_64-pc-linux-gnu/8.2.0/../../../:/lib/:/usr/lib/]
  ignore line: [COLLECT_GCC_OPTIONS='-v' '-rdynamic' '-o' 'cmTC_45ca5' '-shared-libgcc' '-mtune=generic' '-march=x86-64']
  link line: [ /usr/local/gcc-8.2.0/libexec/gcc/x86_64-pc-linux-gnu/8.2.0/collect2 -plugin /usr/local/gcc-8.2.0/libexec/gcc/x86_64-pc-linux-gnu/8.2.0/liblto_plugin.so -plugin-opt=/usr/local/gcc-8.2.0/libexec/gcc/x86_64-pc-linux-gnu/8.2.0/lto-wrapper -plugin-opt=-fresolution=/tmp/ccpfzrVl.res -plugin-opt=-pass-through=-lgcc_s -plugin-opt=-pass-through=-lgcc -plugin-opt=-pass-through=-lc -plugin-opt=-pass-through=-lgcc_s -plugin-opt=-pass-through=-lgcc --eh-frame-hdr -m elf_x86_64 -export-dynamic -dynamic-linker /lib64/ld-linux-x86-64.so.2 -o cmTC_45ca5 /lib/../lib64/crt1.o /lib/../lib64/crti.o /usr/local/gcc-8.2.0/lib/gcc/x86_64-pc-linux-gnu/8.2.0/crtbegin.o -L/usr/local/gcc-8.2.0/lib/gcc/x86_64-pc-linux-gnu/8.2.0 -L/usr/local/gcc-8.2.0/lib/gcc/x86_64-pc-linux-gnu/8.2.0/../../../../lib64 -L/lib/../lib64 -L/usr/lib/../lib64 -L/usr/local/gcc-8.2.0/lib/gcc/x86_64-pc-linux-gnu/8.2.0/../../.. CMakeFiles/cmTC_45ca5.dir/CMakeCXXCompilerABI.cpp.o -lstdc++ -lm -lgcc_s -lgcc -lc -lgcc_s -lgcc /usr/local/gcc-8.2.0/lib/gcc/x86_64-pc-linux-gnu/8.2.0/crtend.o /lib/../lib64/crtn.o]
    arg [/usr/local/gcc-8.2.0/libexec/gcc/x86_64-pc-linux-gnu/8.2.0/collect2] ==> ignore
    arg [-plugin] ==> ignore
    arg [/usr/local/gcc-8.2.0/libexec/gcc/x86_64-pc-linux-gnu/8.2.0/liblto_plugin.so] ==> ignore
    arg [-plugin-opt=/usr/local/gcc-8.2.0/libexec/gcc/x86_64-pc-linux-gnu/8.2.0/lto-wrapper] ==> ignore
    arg [-plugin-opt=-fresolution=/tmp/ccpfzrVl.res] ==> ignore
    arg [-plugin-opt=-pass-through=-lgcc_s] ==> ignore
    arg [-plugin-opt=-pass-through=-lgcc] ==> ignore
    arg [-plugin-opt=-pass-through=-lc] ==> ignore
    arg [-plugin-opt=-pass-through=-lgcc_s] ==> ignore
    arg [-plugin-opt=-pass-through=-lgcc] ==> ignore
    arg [--eh-frame-hdr] ==> ignore
    arg [-m] ==> ignore
    arg [elf_x86_64] ==> ignore
    arg [-export-dynamic] ==> ignore
    arg [-dynamic-linker] ==> ignore
    arg [/lib64/ld-linux-x86-64.so.2] ==> ignore
    arg [-o] ==> ignore
    arg [cmTC_45ca5] ==> ignore
    arg [/lib/../lib64/crt1.o] ==> ignore
    arg [/lib/../lib64/crti.o] ==> ignore
    arg [/usr/local/gcc-8.2.0/lib/gcc/x86_64-pc-linux-gnu/8.2.0/crtbegin.o] ==> ignore
    arg [-L/usr/local/gcc-8.2.0/lib/gcc/x86_64-pc-linux-gnu/8.2.0] ==> dir [/usr/local/gcc-8.2.0/lib/gcc/x86_64-pc-linux-gnu/8.2.0]
    arg [-L/usr/local/gcc-8.2.0/lib/gcc/x86_64-pc-linux-gnu/8.2.0/../../../../lib64] ==> dir [/usr/local/gcc-8.2.0/lib/gcc/x86_64-pc-linux-gnu/8.2.0/../../../../lib64]
    arg [-L/lib/../lib64] ==> dir [/lib/../lib64]
    arg [-L/usr/lib/../lib64] ==> dir [/usr/lib/../lib64]
    arg [-L/usr/local/gcc-8.2.0/lib/gcc/x86_64-pc-linux-gnu/8.2.0/../../..] ==> dir [/usr/local/gcc-8.2.0/lib/gcc/x86_64-pc-linux-gnu/8.2.0/../../..]
    arg [CMakeFiles/cmTC_45ca5.dir/CMakeCXXCompilerABI.cpp.o] ==> ignore
    arg [-lstdc++] ==> lib [stdc++]
    arg [-lm] ==> lib [m]
    arg [-lgcc_s] ==> lib [gcc_s]
    arg [-lgcc] ==> lib [gcc]
    arg [-lc] ==> lib [c]
    arg [-lgcc_s] ==> lib [gcc_s]
    arg [-lgcc] ==> lib [gcc]
    arg [/usr/local/gcc-8.2.0/lib/gcc/x86_64-pc-linux-gnu/8.2.0/crtend.o] ==> ignore
    arg [/lib/../lib64/crtn.o] ==> ignore
  collapse library dir [/usr/local/gcc-8.2.0/lib/gcc/x86_64-pc-linux-gnu/8.2.0] ==> [/usr/local/gcc-8.2.0/lib/gcc/x86_64-pc-linux-gnu/8.2.0]
  collapse library dir [/usr/local/gcc-8.2.0/lib/gcc/x86_64-pc-linux-gnu/8.2.0/../../../../lib64] ==> [/usr/local/gcc-8.2.0/lib64]
  collapse library dir [/lib/../lib64] ==> [/lib64]
  collapse library dir [/usr/lib/../lib64] ==> [/usr/lib64]
  collapse library dir [/usr/local/gcc-8.2.0/lib/gcc/x86_64-pc-linux-gnu/8.2.0/../../..] ==> [/usr/local/gcc-8.2.0/lib]
  implicit libs: [stdc++;m;gcc_s;gcc;c;gcc_s;gcc]
  implicit dirs: [/usr/local/gcc-8.2.0/lib/gcc/x86_64-pc-linux-gnu/8.2.0;/usr/local/gcc-8.2.0/lib64;/lib64;/usr/lib64;/usr/local/gcc-8.2.0/lib]
  implicit fwks: []


